2024-02-20 12:57:03.127 [info] Added views:workbench.panel.markers.view in workbench.panel.markers
2024-02-20 12:57:03.127 [info] Added views:workbench.panel.output in workbench.panel.output
2024-02-20 12:57:03.127 [info] Added views:terminal in terminal
2024-02-20 12:57:03.127 [info] Added views:outline in workbench.view.explorer
2024-02-20 12:57:03.127 [info] Added views:workbench.scm in workbench.view.scm
2024-02-20 12:57:03.127 [info] Added views:workbench.view.search in workbench.view.search
2024-02-20 12:57:03.127 [info] Added views:timeline in workbench.view.explorer
2024-02-20 12:57:03.127 [info] Added views:workbench.explorer.emptyView in workbench.view.explorer
2024-02-20 12:57:03.397 [info] Added views:workbench.debug.variablesView,workbench.debug.watchExpressionsView,workbench.debug.callStackView,workbench.debug.breakPointsView in workbench.view.debug
2024-02-20 12:57:04.112 [info] Added views:workbench.panel.repl.view in workbench.panel.repl
2024-02-20 12:57:04.113 [info] Removed views:workbench.debug.breakPointsView,workbench.debug.callStackView,workbench.debug.watchExpressionsView,workbench.debug.variablesView from workbench.view.debug
2024-02-20 12:57:04.113 [info] Added views:workbench.debug.welcome in workbench.view.debug
2024-02-20 12:57:04.415 [info] Added views:~remote.forwardedPorts in ~remote.forwardedPortsContainer
2024-02-20 12:57:14.151 [info] Added views:workbench.panel.markers.view in workbench.panel.markers
2024-02-20 12:57:14.151 [info] Added views:workbench.panel.output in workbench.panel.output
2024-02-20 12:57:14.151 [info] Added views:terminal in terminal
2024-02-20 12:57:14.151 [info] Added views:outline in workbench.view.explorer
2024-02-20 12:57:14.151 [info] Added views:workbench.scm in workbench.view.scm
2024-02-20 12:57:14.151 [info] Added views:workbench.view.search in workbench.view.search
2024-02-20 12:57:14.151 [info] Added views:timeline in workbench.view.explorer
2024-02-20 12:57:14.151 [info] Added views:workbench.explorer.fileView in workbench.view.explorer
2024-02-20 12:57:14.571 [info] Added views:workbench.debug.variablesView,workbench.debug.watchExpressionsView,workbench.debug.callStackView,workbench.debug.breakPointsView in workbench.view.debug
2024-02-20 12:57:14.620 [info] Added views:workbench.panel.repl.view in workbench.panel.repl
2024-02-20 12:57:14.620 [info] Removed views:workbench.debug.breakPointsView,workbench.debug.callStackView,workbench.debug.watchExpressionsView,workbench.debug.variablesView from workbench.view.debug
2024-02-20 12:57:14.620 [info] Added views:workbench.debug.welcome in workbench.view.debug
2024-02-20 12:57:14.668 [info] Added views:~remote.forwardedPorts in ~remote.forwardedPortsContainer
