2024-03-04 08:59:22.492 [info] Log level: Info
2024-03-04 08:59:22.493 [info] Validating found git in: "git"
2024-03-04 08:59:22.493 [info] Using git "2.17.1" from "git"
2024-03-04 08:59:22.493 [info] > git rev-parse --show-toplevel [3ms]
2024-03-04 08:59:22.493 [info] > git rev-parse --git-dir --git-common-dir [1ms]
2024-03-04 08:59:22.493 [info] Open repository: /drl_robotics_arm_ws/src/thesis
2024-03-04 08:59:22.494 [info] > git rev-parse --show-toplevel [3ms]
2024-03-04 08:59:22.495 [info] > git config --get commit.template [7ms]
2024-03-04 08:59:22.507 [info] > git for-each-ref --format=%(refname)%00%(upstream:short)%00%(objectname)%00%(upstream:track)%00%(upstream:remotename)%00%(upstream:remoteref) refs/heads/main refs/remotes/main [2ms]
2024-03-04 08:59:22.508 [info] > git rev-parse --show-toplevel [8ms]
2024-03-04 08:59:22.512 [warning] ENOENT: no such file or directory, open '/drl_robotics_arm_ws/src/thesis/.git/refs/remotes/origin/main'
2024-03-04 08:59:22.516 [info] > git rev-parse refs/remotes/origin/main [4ms]
2024-03-04 08:59:22.521 [info] > git rev-parse --show-toplevel [6ms]
2024-03-04 08:59:22.530 [info] > git rev-parse --show-toplevel [1ms]
2024-03-04 08:59:22.535 [info] > git rev-parse --show-toplevel [1ms]
2024-03-04 08:59:22.540 [info] > git rev-parse --show-toplevel [1ms]
2024-03-04 08:59:22.547 [info] > git rev-parse --show-toplevel [4ms]
2024-03-04 08:59:22.552 [info] > git rev-parse --show-toplevel [1ms]
2024-03-04 08:59:22.556 [info] > git rev-parse --show-toplevel [0ms]
2024-03-04 08:59:22.562 [info] > git status -z -uall [42ms]
2024-03-04 08:59:22.564 [info] > git rev-parse --show-toplevel [3ms]
2024-03-04 08:59:22.624 [info] > git config --get commit.template [1ms]
2024-03-04 08:59:22.624 [info] > git rev-parse --show-toplevel [6ms]
2024-03-04 08:59:22.679 [info] > git for-each-ref --format=%(refname)%00%(upstream:short)%00%(objectname)%00%(upstream:track)%00%(upstream:remotename)%00%(upstream:remoteref) refs/heads/main refs/remotes/main [44ms]
2024-03-04 08:59:22.679 [info] > git rev-parse --show-toplevel [49ms]
2024-03-04 08:59:22.683 [warning] ENOENT: no such file or directory, open '/drl_robotics_arm_ws/src/thesis/.git/refs/remotes/origin/main'
2024-03-04 08:59:22.704 [info] > git rev-parse --show-toplevel [17ms]
2024-03-04 08:59:22.705 [info] > git rev-parse refs/remotes/origin/main [22ms]
2024-03-04 08:59:22.716 [info] > git rev-parse --show-toplevel [4ms]
2024-03-04 08:59:22.723 [info] > git rev-parse --show-toplevel [2ms]
2024-03-04 08:59:22.729 [info] > git rev-parse --show-toplevel [1ms]
2024-03-04 08:59:22.734 [info] > git rev-parse --show-toplevel [1ms]
2024-03-04 08:59:22.740 [info] > git rev-parse --show-toplevel [0ms]
2024-03-04 08:59:22.746 [info] > git rev-parse --show-toplevel [0ms]
2024-03-04 08:59:22.752 [info] > git rev-parse --show-toplevel [1ms]
2024-03-04 08:59:22.757 [info] > git status -z -uall [49ms]
2024-03-04 08:59:22.763 [info] > git rev-parse --show-toplevel [6ms]
2024-03-04 08:59:23.054 [info] > git check-ignore -v -z --stdin [29ms]
2024-03-04 08:59:25.033 [info] > git check-ignore -v -z --stdin [14ms]
2024-03-04 08:59:26.392 [info] > git config --get commit.template [2ms]
2024-03-04 08:59:26.403 [info] > git for-each-ref --format=%(refname)%00%(upstream:short)%00%(objectname)%00%(upstream:track)%00%(upstream:remotename)%00%(upstream:remoteref) refs/heads/main refs/remotes/main [4ms]
2024-03-04 08:59:26.410 [warning] ENOENT: no such file or directory, open '/drl_robotics_arm_ws/src/thesis/.git/refs/remotes/origin/main'
2024-03-04 08:59:26.413 [info] > git rev-parse refs/remotes/origin/main [2ms]
2024-03-04 08:59:26.467 [info] > git status -z -uall [47ms]
2024-03-04 08:59:26.836 [info] > git check-ignore -v -z --stdin [16ms]
2024-03-04 08:59:31.507 [info] > git config --get commit.template [16ms]
2024-03-04 08:59:31.508 [info] > git for-each-ref --format=%(refname)%00%(upstream:short)%00%(objectname)%00%(upstream:track)%00%(upstream:remotename)%00%(upstream:remoteref) refs/heads/main refs/remotes/main [3ms]
2024-03-04 08:59:31.515 [warning] ENOENT: no such file or directory, open '/drl_robotics_arm_ws/src/thesis/.git/refs/remotes/origin/main'
2024-03-04 08:59:31.517 [info] > git rev-parse refs/remotes/origin/main [2ms]
2024-03-04 08:59:31.560 [info] > git status -z -uall [38ms]
2024-03-04 08:59:36.596 [info] > git config --get commit.template [15ms]
2024-03-04 08:59:36.598 [info] > git for-each-ref --format=%(refname)%00%(upstream:short)%00%(objectname)%00%(upstream:track)%00%(upstream:remotename)%00%(upstream:remoteref) refs/heads/main refs/remotes/main [5ms]
2024-03-04 08:59:36.611 [warning] ENOENT: no such file or directory, open '/drl_robotics_arm_ws/src/thesis/.git/refs/remotes/origin/main'
2024-03-04 08:59:36.614 [info] > git rev-parse refs/remotes/origin/main [4ms]
2024-03-04 08:59:36.685 [info] > git status -z -uall [60ms]
2024-03-04 08:59:41.704 [info] > git config --get commit.template [4ms]
2024-03-04 08:59:41.705 [info] > git for-each-ref --format=%(refname)%00%(upstream:short)%00%(objectname)%00%(upstream:track)%00%(upstream:remotename)%00%(upstream:remoteref) refs/heads/main refs/remotes/main [1ms]
2024-03-04 08:59:41.709 [warning] ENOENT: no such file or directory, open '/drl_robotics_arm_ws/src/thesis/.git/refs/remotes/origin/main'
2024-03-04 08:59:41.710 [info] > git rev-parse refs/remotes/origin/main [1ms]
2024-03-04 08:59:41.751 [info] > git status -z -uall [37ms]
2024-03-04 08:59:46.792 [info] > git config --get commit.template [16ms]
2024-03-04 08:59:46.794 [info] > git for-each-ref --format=%(refname)%00%(upstream:short)%00%(objectname)%00%(upstream:track)%00%(upstream:remotename)%00%(upstream:remoteref) refs/heads/main refs/remotes/main [5ms]
2024-03-04 08:59:46.807 [warning] ENOENT: no such file or directory, open '/drl_robotics_arm_ws/src/thesis/.git/refs/remotes/origin/main'
2024-03-04 08:59:46.811 [info] > git rev-parse refs/remotes/origin/main [3ms]
2024-03-04 08:59:46.881 [info] > git status -z -uall [59ms]
2024-03-04 08:59:54.924 [info] > git config --get commit.template [16ms]
2024-03-04 08:59:54.926 [info] > git for-each-ref --format=%(refname)%00%(upstream:short)%00%(objectname)%00%(upstream:track)%00%(upstream:remotename)%00%(upstream:remoteref) refs/heads/main refs/remotes/main [5ms]
2024-03-04 08:59:54.938 [warning] ENOENT: no such file or directory, open '/drl_robotics_arm_ws/src/thesis/.git/refs/remotes/origin/main'
2024-03-04 08:59:54.941 [info] > git rev-parse refs/remotes/origin/main [4ms]
2024-03-04 08:59:55.007 [info] > git status -z -uall [54ms]
2024-03-04 09:00:02.965 [info] > git config --get commit.template [14ms]
2024-03-04 09:00:02.965 [info] > git for-each-ref --format=%(refname)%00%(upstream:short)%00%(objectname)%00%(upstream:track)%00%(upstream:remotename)%00%(upstream:remoteref) refs/heads/main refs/remotes/main [1ms]
2024-03-04 09:00:02.969 [warning] ENOENT: no such file or directory, open '/drl_robotics_arm_ws/src/thesis/.git/refs/remotes/origin/main'
2024-03-04 09:00:02.970 [info] > git rev-parse refs/remotes/origin/main [1ms]
2024-03-04 09:00:03.011 [info] > git status -z -uall [38ms]
2024-03-04 09:00:08.032 [info] > git config --get commit.template [4ms]
2024-03-04 09:00:08.033 [info] > git for-each-ref --format=%(refname)%00%(upstream:short)%00%(objectname)%00%(upstream:track)%00%(upstream:remotename)%00%(upstream:remoteref) refs/heads/main refs/remotes/main [1ms]
2024-03-04 09:00:08.036 [warning] ENOENT: no such file or directory, open '/drl_robotics_arm_ws/src/thesis/.git/refs/remotes/origin/main'
2024-03-04 09:00:08.037 [info] > git rev-parse refs/remotes/origin/main [1ms]
2024-03-04 09:00:08.077 [info] > git status -z -uall [37ms]
2024-03-04 09:00:16.341 [info] > git config --get commit.template [4ms]
2024-03-04 09:00:16.341 [info] > git for-each-ref --format=%(refname)%00%(upstream:short)%00%(objectname)%00%(upstream:track)%00%(upstream:remotename)%00%(upstream:remoteref) refs/heads/main refs/remotes/main [1ms]
2024-03-04 09:00:16.344 [warning] ENOENT: no such file or directory, open '/drl_robotics_arm_ws/src/thesis/.git/refs/remotes/origin/main'
2024-03-04 09:00:16.345 [info] > git rev-parse refs/remotes/origin/main [1ms]
2024-03-04 09:00:16.389 [info] > git status -z -uall [40ms]
2024-03-04 09:03:53.137 [info] > git config --get commit.template [5ms]
2024-03-04 09:03:53.138 [info] > git for-each-ref --format=%(refname)%00%(upstream:short)%00%(objectname)%00%(upstream:track)%00%(upstream:remotename)%00%(upstream:remoteref) refs/heads/main refs/remotes/main [1ms]
2024-03-04 09:03:53.142 [warning] ENOENT: no such file or directory, open '/drl_robotics_arm_ws/src/thesis/.git/refs/remotes/origin/main'
2024-03-04 09:03:53.144 [info] > git rev-parse refs/remotes/origin/main [2ms]
2024-03-04 09:03:53.187 [info] > git status -z -uall [39ms]
2024-03-04 09:04:38.887 [info] > git config --get commit.template [1ms]
2024-03-04 09:04:38.892 [info] > git for-each-ref --format=%(refname)%00%(upstream:short)%00%(objectname)%00%(upstream:track)%00%(upstream:remotename)%00%(upstream:remoteref) refs/heads/main refs/remotes/main [2ms]
2024-03-04 09:04:38.896 [warning] ENOENT: no such file or directory, open '/drl_robotics_arm_ws/src/thesis/.git/refs/remotes/origin/main'
2024-03-04 09:04:38.897 [info] > git rev-parse refs/remotes/origin/main [1ms]
2024-03-04 09:04:38.937 [info] > git status -z -uall [37ms]
2024-03-04 09:05:45.925 [info] > git check-ignore -v -z --stdin [14ms]
2024-03-04 09:05:46.820 [info] > git config --get commit.template [15ms]
2024-03-04 09:05:46.823 [info] > git for-each-ref --format=%(refname)%00%(upstream:short)%00%(objectname)%00%(upstream:track)%00%(upstream:remotename)%00%(upstream:remoteref) refs/heads/main refs/remotes/main [5ms]
2024-03-04 09:05:46.835 [warning] ENOENT: no such file or directory, open '/drl_robotics_arm_ws/src/thesis/.git/refs/remotes/origin/main'
2024-03-04 09:05:46.839 [info] > git rev-parse refs/remotes/origin/main [4ms]
2024-03-04 09:05:46.910 [info] > git status -z -uall [60ms]
2024-03-04 09:05:49.053 [info] > git show --textconv :dynamics/setup.py [6ms]
2024-03-04 09:05:49.055 [info] > git ls-files --stage -- /drl_robotics_arm_ws/src/thesis/dynamics/setup.py [3ms]
2024-03-04 09:05:49.060 [info] > git cat-file -s 31e6e490867c687d2bbaf0c740c37c3fd5866ddd [1ms]
2024-03-04 09:05:51.949 [info] > git for-each-ref --format=%(refname)%00%(upstream:short)%00%(objectname)%00%(upstream:track)%00%(upstream:remotename)%00%(upstream:remoteref) refs/heads/main refs/remotes/main [6ms]
2024-03-04 09:05:51.950 [info] > git config --get commit.template [20ms]
2024-03-04 09:05:51.962 [warning] ENOENT: no such file or directory, open '/drl_robotics_arm_ws/src/thesis/.git/refs/remotes/origin/main'
2024-03-04 09:05:51.965 [info] > git rev-parse refs/remotes/origin/main [4ms]
2024-03-04 09:05:52.034 [info] > git status -z -uall [57ms]
2024-03-04 09:23:49.126 [info] > git check-ignore -v -z --stdin [14ms]
2024-03-04 09:28:59.773 [info] > git check-ignore -v -z --stdin [4ms]
2024-03-04 09:31:52.144 [info] > git check-ignore -v -z --stdin [4ms]
2024-03-04 09:36:42.241 [info] > git config --get commit.template [6ms]
2024-03-04 09:36:42.246 [info] > git ls-files --stage -- /drl_robotics_arm_ws/src/thesis/dynamics/setup.py [6ms]
2024-03-04 09:36:42.252 [info] > git for-each-ref --format=%(refname)%00%(upstream:short)%00%(objectname)%00%(upstream:track)%00%(upstream:remotename)%00%(upstream:remoteref) refs/heads/main refs/remotes/main [7ms]
2024-03-04 09:36:42.252 [info] > git cat-file -s 30a0ac138654d5fdf236dae697abfbf3413c067c [1ms]
2024-03-04 09:36:42.268 [info] > git show --textconv :dynamics/setup.py [4ms]
2024-03-04 09:36:42.301 [info] > git status -z -uall [44ms]
2024-03-04 09:36:47.322 [info] > git config --get commit.template [4ms]
2024-03-04 09:36:47.323 [info] > git for-each-ref --format=%(refname)%00%(upstream:short)%00%(objectname)%00%(upstream:track)%00%(upstream:remotename)%00%(upstream:remoteref) refs/heads/main refs/remotes/main [1ms]
2024-03-04 09:36:47.365 [info] > git status -z -uall [38ms]
2024-03-04 09:36:56.294 [info] > git config --get commit.template [1ms]
2024-03-04 09:36:56.313 [info] > git for-each-ref --format=%(refname)%00%(upstream:short)%00%(objectname)%00%(upstream:track)%00%(upstream:remotename)%00%(upstream:remoteref) refs/heads/main refs/remotes/main [4ms]
2024-03-04 09:36:56.360 [info] > git status -z -uall [39ms]
2024-03-04 09:37:16.422 [info] > git config --get commit.template [4ms]
2024-03-04 09:37:16.423 [info] > git for-each-ref --format=%(refname)%00%(upstream:short)%00%(objectname)%00%(upstream:track)%00%(upstream:remotename)%00%(upstream:remoteref) refs/heads/main refs/remotes/main [2ms]
2024-03-04 09:37:16.465 [info] > git status -z -uall [38ms]
2024-03-04 09:38:54.887 [info] > git config --get commit.template [4ms]
2024-03-04 09:38:54.889 [info] > git for-each-ref --format=%(refname)%00%(upstream:short)%00%(objectname)%00%(upstream:track)%00%(upstream:remotename)%00%(upstream:remoteref) refs/heads/main refs/remotes/main [2ms]
2024-03-04 09:38:54.932 [info] > git status -z -uall [39ms]
2024-03-04 09:39:39.323 [info] > git config --get commit.template [4ms]
2024-03-04 09:39:39.324 [info] > git for-each-ref --format=%(refname)%00%(upstream:short)%00%(objectname)%00%(upstream:track)%00%(upstream:remotename)%00%(upstream:remoteref) refs/heads/main refs/remotes/main [1ms]
2024-03-04 09:39:39.366 [info] > git status -z -uall [38ms]
2024-03-04 09:41:26.936 [info] > git check-ignore -v -z --stdin [12ms]
2024-03-04 09:41:27.666 [info] > git config --get commit.template [4ms]
2024-03-04 09:41:27.667 [info] > git for-each-ref --format=%(refname)%00%(upstream:short)%00%(objectname)%00%(upstream:track)%00%(upstream:remotename)%00%(upstream:remoteref) refs/heads/main refs/remotes/main [2ms]
2024-03-04 09:41:27.711 [info] > git status -z -uall [40ms]
2024-03-04 09:41:28.265 [info] > git check-ignore -v -z --stdin [6ms]
2024-03-04 09:43:52.391 [info] > git config --get commit.template [8ms]
2024-03-04 09:43:52.396 [info] > git for-each-ref --format=%(refname)%00%(upstream:short)%00%(objectname)%00%(upstream:track)%00%(upstream:remotename)%00%(upstream:remoteref) refs/heads/main refs/remotes/main [5ms]
2024-03-04 09:43:52.448 [info] > git status -z -uall [47ms]
2024-03-04 09:43:57.486 [info] > git config --get commit.template [16ms]
2024-03-04 09:43:57.489 [info] > git for-each-ref --format=%(refname)%00%(upstream:short)%00%(objectname)%00%(upstream:track)%00%(upstream:remotename)%00%(upstream:remoteref) refs/heads/main refs/remotes/main [5ms]
2024-03-04 09:43:57.559 [info] > git status -z -uall [57ms]
2024-03-04 09:43:58.443 [info] > git check-ignore -v -z --stdin [15ms]
2024-03-04 09:44:01.849 [info] > git check-ignore -v -z --stdin [11ms]
2024-03-04 09:44:02.585 [info] > git config --get commit.template [5ms]
2024-03-04 09:44:02.603 [info] > git for-each-ref --format=%(refname)%00%(upstream:short)%00%(objectname)%00%(upstream:track)%00%(upstream:remotename)%00%(upstream:remoteref) refs/heads/main refs/remotes/main [5ms]
2024-03-04 09:44:02.666 [info] > git status -z -uall [49ms]
2024-03-04 09:44:05.629 [info] > git check-ignore -v -z --stdin [4ms]
2024-03-04 09:44:07.703 [info] > git config --get commit.template [15ms]
2024-03-04 09:44:07.705 [info] > git for-each-ref --format=%(refname)%00%(upstream:short)%00%(objectname)%00%(upstream:track)%00%(upstream:remotename)%00%(upstream:remoteref) refs/heads/main refs/remotes/main [5ms]
2024-03-04 09:44:07.774 [info] > git status -z -uall [55ms]
2024-03-04 09:44:08.442 [info] > git check-ignore -v -z --stdin [3ms]
2024-03-04 09:44:11.416 [info] > git check-ignore -v -z --stdin [13ms]
2024-03-04 09:44:11.990 [info] > git check-ignore -v -z --stdin [12ms]
2024-03-04 09:44:12.810 [info] > git config --get commit.template [15ms]
2024-03-04 09:44:12.812 [info] > git for-each-ref --format=%(refname)%00%(upstream:short)%00%(objectname)%00%(upstream:track)%00%(upstream:remotename)%00%(upstream:remoteref) refs/heads/main refs/remotes/main [5ms]
2024-03-04 09:44:12.883 [info] > git status -z -uall [57ms]
2024-03-04 09:44:13.739 [info] > git check-ignore -v -z --stdin [4ms]
2024-03-04 09:44:15.184 [info] > git check-ignore -v -z --stdin [8ms]
2024-03-04 09:44:16.583 [info] > git check-ignore -v -z --stdin [3ms]
2024-03-04 09:44:17.920 [info] > git config --get commit.template [16ms]
2024-03-04 09:44:17.923 [info] > git for-each-ref --format=%(refname)%00%(upstream:short)%00%(objectname)%00%(upstream:track)%00%(upstream:remotename)%00%(upstream:remoteref) refs/heads/main refs/remotes/main [5ms]
2024-03-04 09:44:17.989 [info] > git check-ignore -v -z --stdin [2ms]
2024-03-04 09:44:17.994 [info] > git status -z -uall [57ms]
2024-03-04 09:44:18.678 [info] > git check-ignore -v -z --stdin [3ms]
2024-03-04 09:44:23.029 [info] > git config --get commit.template [16ms]
2024-03-04 09:44:23.032 [info] > git for-each-ref --format=%(refname)%00%(upstream:short)%00%(objectname)%00%(upstream:track)%00%(upstream:remotename)%00%(upstream:remoteref) refs/heads/main refs/remotes/main [5ms]
2024-03-04 09:44:23.104 [info] > git status -z -uall [58ms]
2024-03-04 09:44:24.568 [info] > git check-ignore -v -z --stdin [14ms]
2024-03-04 09:44:25.529 [info] > git check-ignore -v -z --stdin [12ms]
2024-03-04 09:44:28.145 [info] > git config --get commit.template [15ms]
2024-03-04 09:44:28.150 [info] > git for-each-ref --format=%(refname)%00%(upstream:short)%00%(objectname)%00%(upstream:track)%00%(upstream:remotename)%00%(upstream:remoteref) refs/heads/main refs/remotes/main [6ms]
2024-03-04 09:44:28.208 [info] > git status -z -uall [51ms]
2024-03-04 09:44:28.382 [info] > git show --textconv :dynamics/src/dynamics/DRL_optimization_dqn.py [68ms]
2024-03-04 09:44:28.382 [info] > git ls-files --stage -- /drl_robotics_arm_ws/src/thesis/dynamics/src/dynamics/DRL_optimization_dqn.py [51ms]
2024-03-04 09:44:28.388 [info] > git cat-file -s 77a24efc70c3167369472482dd1d995667061088 [3ms]
2024-03-04 09:44:33.245 [info] > git config --get commit.template [15ms]
2024-03-04 09:44:33.248 [info] > git for-each-ref --format=%(refname)%00%(upstream:short)%00%(objectname)%00%(upstream:track)%00%(upstream:remotename)%00%(upstream:remoteref) refs/heads/main refs/remotes/main [5ms]
2024-03-04 09:44:33.314 [info] > git status -z -uall [53ms]
2024-03-04 09:44:39.349 [info] > git config --get commit.template [16ms]
2024-03-04 09:44:39.352 [info] > git for-each-ref --format=%(refname)%00%(upstream:short)%00%(objectname)%00%(upstream:track)%00%(upstream:remotename)%00%(upstream:remoteref) refs/heads/main refs/remotes/main [5ms]
2024-03-04 09:44:39.422 [info] > git status -z -uall [47ms]
2024-03-04 09:44:44.440 [info] > git config --get commit.template [6ms]
2024-03-04 09:44:44.444 [info] > git for-each-ref --format=%(refname)%00%(upstream:short)%00%(objectname)%00%(upstream:track)%00%(upstream:remotename)%00%(upstream:remoteref) refs/heads/main refs/remotes/main [5ms]
2024-03-04 09:44:44.506 [info] > git status -z -uall [57ms]
2024-03-04 09:44:49.526 [info] > git config --get commit.template [5ms]
2024-03-04 09:44:49.527 [info] > git for-each-ref --format=%(refname)%00%(upstream:short)%00%(objectname)%00%(upstream:track)%00%(upstream:remotename)%00%(upstream:remoteref) refs/heads/main refs/remotes/main [2ms]
2024-03-04 09:44:49.569 [info] > git status -z -uall [38ms]
2024-03-04 09:44:54.587 [info] > git config --get commit.template [5ms]
2024-03-04 09:44:54.587 [info] > git for-each-ref --format=%(refname)%00%(upstream:short)%00%(objectname)%00%(upstream:track)%00%(upstream:remotename)%00%(upstream:remoteref) refs/heads/main refs/remotes/main [1ms]
2024-03-04 09:44:54.631 [info] > git status -z -uall [39ms]
2024-03-04 09:44:59.653 [info] > git config --get commit.template [4ms]
2024-03-04 09:44:59.654 [info] > git for-each-ref --format=%(refname)%00%(upstream:short)%00%(objectname)%00%(upstream:track)%00%(upstream:remotename)%00%(upstream:remoteref) refs/heads/main refs/remotes/main [1ms]
2024-03-04 09:44:59.696 [info] > git status -z -uall [38ms]
2024-03-04 09:45:16.448 [info] > git config --get commit.template [1ms]
2024-03-04 09:45:16.453 [info] > git for-each-ref --format=%(refname)%00%(upstream:short)%00%(objectname)%00%(upstream:track)%00%(upstream:remotename)%00%(upstream:remoteref) refs/heads/main refs/remotes/main [1ms]
2024-03-04 09:45:16.496 [info] > git status -z -uall [38ms]
2024-03-04 09:45:21.516 [info] > git config --get commit.template [4ms]
2024-03-04 09:45:21.516 [info] > git for-each-ref --format=%(refname)%00%(upstream:short)%00%(objectname)%00%(upstream:track)%00%(upstream:remotename)%00%(upstream:remoteref) refs/heads/main refs/remotes/main [1ms]
2024-03-04 09:45:21.559 [info] > git status -z -uall [39ms]
2024-03-04 09:48:55.388 [info] > git config --get commit.template [5ms]
2024-03-04 09:48:55.389 [info] > git for-each-ref --format=%(refname)%00%(upstream:short)%00%(objectname)%00%(upstream:track)%00%(upstream:remotename)%00%(upstream:remoteref) refs/heads/main refs/remotes/main [2ms]
2024-03-04 09:48:55.431 [info] > git status -z -uall [38ms]
2024-03-04 09:49:39.351 [info] > git config --get commit.template [4ms]
2024-03-04 09:49:39.352 [info] > git for-each-ref --format=%(refname)%00%(upstream:short)%00%(objectname)%00%(upstream:track)%00%(upstream:remotename)%00%(upstream:remoteref) refs/heads/main refs/remotes/main [1ms]
2024-03-04 09:49:39.394 [info] > git status -z -uall [38ms]
2024-03-04 09:49:44.411 [info] > git config --get commit.template [4ms]
2024-03-04 09:49:44.412 [info] > git for-each-ref --format=%(refname)%00%(upstream:short)%00%(objectname)%00%(upstream:track)%00%(upstream:remotename)%00%(upstream:remoteref) refs/heads/main refs/remotes/main [1ms]
2024-03-04 09:49:44.460 [info] > git status -z -uall [43ms]
2024-03-04 10:00:37.986 [info] > git config --get commit.template [4ms]
2024-03-04 10:00:37.987 [info] > git for-each-ref --format=%(refname)%00%(upstream:short)%00%(objectname)%00%(upstream:track)%00%(upstream:remotename)%00%(upstream:remoteref) refs/heads/main refs/remotes/main [1ms]
2024-03-04 10:00:38.035 [info] > git status -z -uall [43ms]
2024-03-04 10:00:43.080 [info] > git config --get commit.template [21ms]
2024-03-04 10:00:43.082 [info] > git for-each-ref --format=%(refname)%00%(upstream:short)%00%(objectname)%00%(upstream:track)%00%(upstream:remotename)%00%(upstream:remoteref) refs/heads/main refs/remotes/main [10ms]
2024-03-04 10:00:43.135 [info] > git status -z -uall [45ms]
2024-03-04 10:01:16.478 [info] > git config --get commit.template [5ms]
2024-03-04 10:01:16.479 [info] > git for-each-ref --format=%(refname)%00%(upstream:short)%00%(objectname)%00%(upstream:track)%00%(upstream:remotename)%00%(upstream:remoteref) refs/heads/main refs/remotes/main [1ms]
2024-03-04 10:01:16.522 [info] > git status -z -uall [39ms]
2024-03-04 10:02:16.482 [info] > git config --get commit.template [4ms]
2024-03-04 10:02:16.482 [info] > git for-each-ref --format=%(refname)%00%(upstream:short)%00%(objectname)%00%(upstream:track)%00%(upstream:remotename)%00%(upstream:remoteref) refs/heads/main refs/remotes/main [1ms]
2024-03-04 10:02:16.525 [info] > git status -z -uall [38ms]
2024-03-04 10:03:56.145 [info] > git config --get commit.template [5ms]
2024-03-04 10:03:56.146 [info] > git for-each-ref --format=%(refname)%00%(upstream:short)%00%(objectname)%00%(upstream:track)%00%(upstream:remotename)%00%(upstream:remoteref) refs/heads/main refs/remotes/main [2ms]
2024-03-04 10:03:56.187 [info] > git status -z -uall [37ms]
2024-03-04 10:08:01.213 [info] > git config --get commit.template [1ms]
2024-03-04 10:08:01.268 [info] > git for-each-ref --format=%(refname)%00%(upstream:short)%00%(objectname)%00%(upstream:track)%00%(upstream:remotename)%00%(upstream:remoteref) refs/heads/main refs/remotes/main [4ms]
2024-03-04 10:08:01.325 [info] > git status -z -uall [51ms]
2024-03-04 10:10:07.868 [info] > git config --get commit.template [11ms]
2024-03-04 10:10:07.888 [info] > git for-each-ref --format=%(refname)%00%(upstream:short)%00%(objectname)%00%(upstream:track)%00%(upstream:remotename)%00%(upstream:remoteref) refs/heads/main refs/remotes/main [5ms]
2024-03-04 10:10:07.946 [info] > git status -z -uall [50ms]
2024-03-04 10:10:12.970 [info] > git config --get commit.template [4ms]
2024-03-04 10:10:12.970 [info] > git for-each-ref --format=%(refname)%00%(upstream:short)%00%(objectname)%00%(upstream:track)%00%(upstream:remotename)%00%(upstream:remoteref) refs/heads/main refs/remotes/main [1ms]
2024-03-04 10:10:13.014 [info] > git status -z -uall [40ms]
2024-03-04 10:10:18.053 [info] > git config --get commit.template [17ms]
2024-03-04 10:10:18.056 [info] > git for-each-ref --format=%(refname)%00%(upstream:short)%00%(objectname)%00%(upstream:track)%00%(upstream:remotename)%00%(upstream:remoteref) refs/heads/main refs/remotes/main [5ms]
2024-03-04 10:10:18.110 [info] > git status -z -uall [45ms]
2024-03-04 10:10:21.639 [info] > git check-ignore -v -z --stdin [4ms]
2024-03-04 10:10:23.146 [info] > git config --get commit.template [16ms]
2024-03-04 10:10:23.149 [info] > git for-each-ref --format=%(refname)%00%(upstream:short)%00%(objectname)%00%(upstream:track)%00%(upstream:remotename)%00%(upstream:remoteref) refs/heads/main refs/remotes/main [5ms]
2024-03-04 10:10:23.196 [info] > git check-ignore -v -z --stdin [18ms]
2024-03-04 10:10:23.225 [info] > git status -z -uall [62ms]
2024-03-04 10:10:24.991 [info] > git check-ignore -v -z --stdin [6ms]
2024-03-04 10:10:35.144 [info] > git config --get commit.template [4ms]
2024-03-04 10:10:35.159 [info] > git for-each-ref --format=%(refname)%00%(upstream:short)%00%(objectname)%00%(upstream:track)%00%(upstream:remotename)%00%(upstream:remoteref) refs/heads/main refs/remotes/main [4ms]
2024-03-04 10:10:35.227 [info] > git status -z -uall [56ms]
2024-03-04 10:10:40.270 [info] > git config --get commit.template [17ms]
2024-03-04 10:10:40.274 [info] > git for-each-ref --format=%(refname)%00%(upstream:short)%00%(objectname)%00%(upstream:track)%00%(upstream:remotename)%00%(upstream:remoteref) refs/heads/main refs/remotes/main [6ms]
2024-03-04 10:10:40.333 [info] > git status -z -uall [48ms]
2024-03-04 10:16:20.769 [info] > git config --get commit.template [11ms]
2024-03-04 10:16:20.785 [info] > git for-each-ref --format=%(refname)%00%(upstream:short)%00%(objectname)%00%(upstream:track)%00%(upstream:remotename)%00%(upstream:remoteref) refs/heads/main refs/remotes/main [17ms]
2024-03-04 10:16:20.833 [info] > git status -z -uall [43ms]
2024-03-04 10:16:25.871 [info] > git config --get commit.template [16ms]
2024-03-04 10:16:25.874 [info] > git for-each-ref --format=%(refname)%00%(upstream:short)%00%(objectname)%00%(upstream:track)%00%(upstream:remotename)%00%(upstream:remoteref) refs/heads/main refs/remotes/main [5ms]
2024-03-04 10:16:25.948 [info] > git status -z -uall [60ms]
2024-03-04 10:22:04.033 [info] > git config --get commit.template [4ms]
2024-03-04 10:22:04.041 [info] > git for-each-ref --format=%(refname)%00%(upstream:short)%00%(objectname)%00%(upstream:track)%00%(upstream:remotename)%00%(upstream:remoteref) refs/heads/main refs/remotes/main [3ms]
2024-03-04 10:22:04.097 [info] > git status -z -uall [50ms]
2024-03-04 10:27:06.676 [info] > git config --get commit.template [4ms]
2024-03-04 10:27:06.687 [info] > git for-each-ref --format=%(refname)%00%(upstream:short)%00%(objectname)%00%(upstream:track)%00%(upstream:remotename)%00%(upstream:remoteref) refs/heads/main refs/remotes/main [4ms]
2024-03-04 10:27:06.738 [info] > git status -z -uall [46ms]
2024-03-04 10:27:11.756 [info] > git config --get commit.template [5ms]
2024-03-04 10:27:11.756 [info] > git for-each-ref --format=%(refname)%00%(upstream:short)%00%(objectname)%00%(upstream:track)%00%(upstream:remotename)%00%(upstream:remoteref) refs/heads/main refs/remotes/main [1ms]
2024-03-04 10:27:11.798 [info] > git status -z -uall [37ms]
2024-03-04 10:27:16.815 [info] > git config --get commit.template [4ms]
2024-03-04 10:27:16.816 [info] > git for-each-ref --format=%(refname)%00%(upstream:short)%00%(objectname)%00%(upstream:track)%00%(upstream:remotename)%00%(upstream:remoteref) refs/heads/main refs/remotes/main [1ms]
2024-03-04 10:27:16.863 [info] > git status -z -uall [42ms]
2024-03-04 10:27:21.902 [info] > git config --get commit.template [16ms]
2024-03-04 10:27:21.906 [info] > git for-each-ref --format=%(refname)%00%(upstream:short)%00%(objectname)%00%(upstream:track)%00%(upstream:remotename)%00%(upstream:remoteref) refs/heads/main refs/remotes/main [6ms]
2024-03-04 10:27:21.981 [info] > git status -z -uall [61ms]
2024-03-04 10:28:16.529 [info] > git config --get commit.template [5ms]
2024-03-04 10:28:16.530 [info] > git for-each-ref --format=%(refname)%00%(upstream:short)%00%(objectname)%00%(upstream:track)%00%(upstream:remotename)%00%(upstream:remoteref) refs/heads/main refs/remotes/main [2ms]
2024-03-04 10:28:16.573 [info] > git status -z -uall [39ms]
2024-03-04 10:28:57.442 [info] > git config --get commit.template [5ms]
2024-03-04 10:28:57.443 [info] > git for-each-ref --format=%(refname)%00%(upstream:short)%00%(objectname)%00%(upstream:track)%00%(upstream:remotename)%00%(upstream:remoteref) refs/heads/main refs/remotes/main [1ms]
2024-03-04 10:28:57.485 [info] > git status -z -uall [38ms]
2024-03-04 10:31:27.453 [info] > git config --get commit.template [26ms]
2024-03-04 10:31:27.455 [info] > git for-each-ref --format=%(refname)%00%(upstream:short)%00%(objectname)%00%(upstream:track)%00%(upstream:remotename)%00%(upstream:remoteref) refs/heads/main refs/remotes/main [4ms]
2024-03-04 10:31:27.530 [info] > git status -z -uall [63ms]
2024-03-04 10:31:46.280 [info] > git config --get commit.template [19ms]
2024-03-04 10:31:46.282 [info] > git for-each-ref --format=%(refname)%00%(upstream:short)%00%(objectname)%00%(upstream:track)%00%(upstream:remotename)%00%(upstream:remoteref) refs/heads/main refs/remotes/main [3ms]
2024-03-04 10:31:46.349 [info] > git status -z -uall [58ms]
2024-03-04 10:32:25.761 [info] > git config --get commit.template [26ms]
2024-03-04 10:32:25.765 [info] > git for-each-ref --format=%(refname)%00%(upstream:short)%00%(objectname)%00%(upstream:track)%00%(upstream:remotename)%00%(upstream:remoteref) refs/heads/main refs/remotes/main [5ms]
2024-03-04 10:32:25.841 [info] > git status -z -uall [68ms]
2024-03-04 10:32:30.882 [info] > git config --get commit.template [17ms]
2024-03-04 10:32:30.886 [info] > git for-each-ref --format=%(refname)%00%(upstream:short)%00%(objectname)%00%(upstream:track)%00%(upstream:remotename)%00%(upstream:remoteref) refs/heads/main refs/remotes/main [5ms]
2024-03-04 10:32:30.991 [info] > git status -z -uall [89ms]
2024-03-04 10:32:46.189 [info] > git config --get commit.template [16ms]
2024-03-04 10:32:46.191 [info] > git for-each-ref --format=%(refname)%00%(upstream:short)%00%(objectname)%00%(upstream:track)%00%(upstream:remotename)%00%(upstream:remoteref) refs/heads/main refs/remotes/main [5ms]
2024-03-04 10:32:46.330 [info] > git status -z -uall [121ms]
2024-03-04 10:33:16.546 [info] > git config --get commit.template [4ms]
2024-03-04 10:33:16.567 [info] > git for-each-ref --format=%(refname)%00%(upstream:short)%00%(objectname)%00%(upstream:track)%00%(upstream:remotename)%00%(upstream:remoteref) refs/heads/main refs/remotes/main [5ms]
2024-03-04 10:33:16.626 [info] > git status -z -uall [50ms]
2024-03-04 10:37:39.361 [info] > git config --get commit.template [5ms]
2024-03-04 10:37:39.364 [info] > git for-each-ref --format=%(refname)%00%(upstream:short)%00%(objectname)%00%(upstream:track)%00%(upstream:remotename)%00%(upstream:remoteref) refs/heads/main refs/remotes/main [2ms]
2024-03-04 10:37:39.412 [info] > git status -z -uall [37ms]
2024-03-04 10:37:44.428 [info] > git config --get commit.template [1ms]
2024-03-04 10:37:44.433 [info] > git for-each-ref --format=%(refname)%00%(upstream:short)%00%(objectname)%00%(upstream:track)%00%(upstream:remotename)%00%(upstream:remoteref) refs/heads/main refs/remotes/main [1ms]
2024-03-04 10:37:44.476 [info] > git status -z -uall [38ms]
2024-03-04 11:18:04.850 [info] > git config --get commit.template [6ms]
2024-03-04 11:18:04.852 [info] > git for-each-ref --format=%(refname)%00%(upstream:short)%00%(objectname)%00%(upstream:track)%00%(upstream:remotename)%00%(upstream:remoteref) refs/heads/main refs/remotes/main [3ms]
2024-03-04 11:18:04.902 [info] > git status -z -uall [45ms]
2024-03-04 11:29:18.702 [info] > git config --get commit.template [6ms]
2024-03-04 11:29:18.710 [info] > git for-each-ref --format=%(refname)%00%(upstream:short)%00%(objectname)%00%(upstream:track)%00%(upstream:remotename)%00%(upstream:remoteref) refs/heads/main refs/remotes/main [1ms]
2024-03-04 11:29:18.759 [info] > git status -z -uall [45ms]
2024-03-04 11:29:23.774 [info] > git config --get commit.template [4ms]
2024-03-04 11:29:23.774 [info] > git for-each-ref --format=%(refname)%00%(upstream:short)%00%(objectname)%00%(upstream:track)%00%(upstream:remotename)%00%(upstream:remoteref) refs/heads/main refs/remotes/main [1ms]
2024-03-04 11:29:23.816 [info] > git status -z -uall [38ms]
2024-03-04 11:29:28.834 [info] > git config --get commit.template [5ms]
2024-03-04 11:29:28.835 [info] > git for-each-ref --format=%(refname)%00%(upstream:short)%00%(objectname)%00%(upstream:track)%00%(upstream:remotename)%00%(upstream:remoteref) refs/heads/main refs/remotes/main [2ms]
2024-03-04 11:29:28.881 [info] > git status -z -uall [42ms]
2024-03-04 11:29:33.898 [info] > git config --get commit.template [4ms]
2024-03-04 11:29:33.899 [info] > git for-each-ref --format=%(refname)%00%(upstream:short)%00%(objectname)%00%(upstream:track)%00%(upstream:remotename)%00%(upstream:remoteref) refs/heads/main refs/remotes/main [1ms]
2024-03-04 11:29:33.944 [info] > git status -z -uall [41ms]
2024-03-04 11:29:40.472 [info] > git config --get commit.template [5ms]
2024-03-04 11:29:40.473 [info] > git for-each-ref --format=%(refname)%00%(upstream:short)%00%(objectname)%00%(upstream:track)%00%(upstream:remotename)%00%(upstream:remoteref) refs/heads/main refs/remotes/main [2ms]
2024-03-04 11:29:40.521 [info] > git status -z -uall [43ms]
2024-03-04 11:29:45.538 [info] > git config --get commit.template [6ms]
2024-03-04 11:29:45.539 [info] > git for-each-ref --format=%(refname)%00%(upstream:short)%00%(objectname)%00%(upstream:track)%00%(upstream:remotename)%00%(upstream:remoteref) refs/heads/main refs/remotes/main [2ms]
2024-03-04 11:29:45.591 [info] > git status -z -uall [47ms]
2024-03-04 11:29:56.965 [info] > git config --get commit.template [15ms]
2024-03-04 11:29:56.968 [info] > git for-each-ref --format=%(refname)%00%(upstream:short)%00%(objectname)%00%(upstream:track)%00%(upstream:remotename)%00%(upstream:remoteref) refs/heads/main refs/remotes/main [5ms]
2024-03-04 11:29:57.036 [info] > git status -z -uall [54ms]
2024-03-04 11:30:05.823 [info] > git config --get commit.template [7ms]
2024-03-04 11:30:05.823 [info] > git for-each-ref --format=%(refname)%00%(upstream:short)%00%(objectname)%00%(upstream:track)%00%(upstream:remotename)%00%(upstream:remoteref) refs/heads/main refs/remotes/main [1ms]
2024-03-04 11:30:05.874 [info] > git status -z -uall [45ms]
2024-03-04 11:30:10.911 [info] > git config --get commit.template [17ms]
2024-03-04 11:30:10.915 [info] > git for-each-ref --format=%(refname)%00%(upstream:short)%00%(objectname)%00%(upstream:track)%00%(upstream:remotename)%00%(upstream:remoteref) refs/heads/main refs/remotes/main [6ms]
2024-03-04 11:30:10.982 [info] > git status -z -uall [52ms]
2024-03-04 11:30:16.636 [info] > git config --get commit.template [5ms]
2024-03-04 11:30:16.637 [info] > git for-each-ref --format=%(refname)%00%(upstream:short)%00%(objectname)%00%(upstream:track)%00%(upstream:remotename)%00%(upstream:remoteref) refs/heads/main refs/remotes/main [1ms]
2024-03-04 11:30:16.679 [info] > git status -z -uall [38ms]
2024-03-04 11:34:13.626 [info] > git config --get commit.template [7ms]
2024-03-04 11:34:13.628 [info] > git for-each-ref --format=%(refname)%00%(upstream:short)%00%(objectname)%00%(upstream:track)%00%(upstream:remotename)%00%(upstream:remoteref) refs/heads/main refs/remotes/main [3ms]
2024-03-04 11:34:13.677 [info] > git status -z -uall [45ms]
2024-03-04 11:34:18.698 [info] > git config --get commit.template [5ms]
2024-03-04 11:34:18.699 [info] > git for-each-ref --format=%(refname)%00%(upstream:short)%00%(objectname)%00%(upstream:track)%00%(upstream:remotename)%00%(upstream:remoteref) refs/heads/main refs/remotes/main [1ms]
2024-03-04 11:34:18.742 [info] > git status -z -uall [38ms]
2024-03-04 11:36:47.998 [info] > git config --get commit.template [5ms]
2024-03-04 11:36:48.000 [info] > git for-each-ref --format=%(refname)%00%(upstream:short)%00%(objectname)%00%(upstream:track)%00%(upstream:remotename)%00%(upstream:remoteref) refs/heads/main refs/remotes/main [3ms]
2024-03-04 11:36:48.048 [info] > git status -z -uall [42ms]
2024-03-04 11:36:53.086 [info] > git config --get commit.template [16ms]
2024-03-04 11:36:53.090 [info] > git for-each-ref --format=%(refname)%00%(upstream:short)%00%(objectname)%00%(upstream:track)%00%(upstream:remotename)%00%(upstream:remoteref) refs/heads/main refs/remotes/main [6ms]
2024-03-04 11:36:53.163 [info] > git status -z -uall [59ms]
2024-03-04 11:44:12.869 [info] > git config --get commit.template [6ms]
2024-03-04 11:44:12.872 [info] > git for-each-ref --format=%(refname)%00%(upstream:short)%00%(objectname)%00%(upstream:track)%00%(upstream:remotename)%00%(upstream:remoteref) refs/heads/main refs/remotes/main [3ms]
2024-03-04 11:44:12.935 [info] > git status -z -uall [58ms]
2024-03-04 11:45:56.394 [info] > git for-each-ref --format=%(refname)%00%(upstream:short)%00%(objectname)%00%(upstream:track)%00%(upstream:remotename)%00%(upstream:remoteref) refs/heads/main refs/remotes/main [2ms]
2024-03-04 11:45:56.394 [info] > git config --get commit.template [17ms]
2024-03-04 11:45:56.461 [info] > git status -z -uall [58ms]
2024-03-04 11:46:01.487 [info] > git config --get commit.template [6ms]
2024-03-04 11:46:01.489 [info] > git for-each-ref --format=%(refname)%00%(upstream:short)%00%(objectname)%00%(upstream:track)%00%(upstream:remotename)%00%(upstream:remoteref) refs/heads/main refs/remotes/main [2ms]
2024-03-04 11:46:01.539 [info] > git status -z -uall [45ms]
2024-03-04 11:46:16.651 [info] > git config --get commit.template [6ms]
2024-03-04 11:46:16.653 [info] > git for-each-ref --format=%(refname)%00%(upstream:short)%00%(objectname)%00%(upstream:track)%00%(upstream:remotename)%00%(upstream:remoteref) refs/heads/main refs/remotes/main [3ms]
2024-03-04 11:46:16.701 [info] > git status -z -uall [44ms]
2024-03-04 11:47:16.652 [info] > git config --get commit.template [5ms]
2024-03-04 11:47:16.653 [info] > git for-each-ref --format=%(refname)%00%(upstream:short)%00%(objectname)%00%(upstream:track)%00%(upstream:remotename)%00%(upstream:remoteref) refs/heads/main refs/remotes/main [2ms]
2024-03-04 11:47:16.700 [info] > git status -z -uall [43ms]
2024-03-04 11:52:01.955 [info] > git config --get commit.template [6ms]
2024-03-04 11:52:01.970 [info] > git for-each-ref --format=%(refname)%00%(upstream:short)%00%(objectname)%00%(upstream:track)%00%(upstream:remotename)%00%(upstream:remoteref) refs/heads/main refs/remotes/main [1ms]
2024-03-04 11:52:02.050 [info] > git status -z -uall [66ms]
2024-03-04 11:52:07.074 [info] > git config --get commit.template [5ms]
2024-03-04 11:52:07.076 [info] > git for-each-ref --format=%(refname)%00%(upstream:short)%00%(objectname)%00%(upstream:track)%00%(upstream:remotename)%00%(upstream:remoteref) refs/heads/main refs/remotes/main [3ms]
2024-03-04 11:52:07.128 [info] > git status -z -uall [49ms]
2024-03-04 11:52:16.657 [info] > git config --get commit.template [5ms]
2024-03-04 11:52:16.659 [info] > git for-each-ref --format=%(refname)%00%(upstream:short)%00%(objectname)%00%(upstream:track)%00%(upstream:remotename)%00%(upstream:remoteref) refs/heads/main refs/remotes/main [2ms]
2024-03-04 11:52:16.708 [info] > git status -z -uall [45ms]
2024-03-04 11:54:01.679 [info] > git config --get commit.template [5ms]
2024-03-04 11:54:01.680 [info] > git for-each-ref --format=%(refname)%00%(upstream:short)%00%(objectname)%00%(upstream:track)%00%(upstream:remotename)%00%(upstream:remoteref) refs/heads/main refs/remotes/main [2ms]
2024-03-04 11:54:01.730 [info] > git status -z -uall [46ms]
2024-03-04 11:54:16.660 [info] > git config --get commit.template [6ms]
2024-03-04 11:54:16.661 [info] > git for-each-ref --format=%(refname)%00%(upstream:short)%00%(objectname)%00%(upstream:track)%00%(upstream:remotename)%00%(upstream:remoteref) refs/heads/main refs/remotes/main [2ms]
2024-03-04 11:54:16.720 [info] > git status -z -uall [53ms]
2024-03-04 11:54:40.564 [info] > git config --get commit.template [6ms]
2024-03-04 11:54:40.566 [info] > git for-each-ref --format=%(refname)%00%(upstream:short)%00%(objectname)%00%(upstream:track)%00%(upstream:remotename)%00%(upstream:remoteref) refs/heads/main refs/remotes/main [3ms]
2024-03-04 11:54:40.613 [info] > git status -z -uall [43ms]
2024-03-04 11:57:26.511 [info] > git config --get commit.template [5ms]
2024-03-04 11:57:26.513 [info] > git for-each-ref --format=%(refname)%00%(upstream:short)%00%(objectname)%00%(upstream:track)%00%(upstream:remotename)%00%(upstream:remoteref) refs/heads/main refs/remotes/main [2ms]
2024-03-04 11:57:26.578 [info] > git status -z -uall [61ms]
2024-03-04 11:57:39.361 [info] > git config --get commit.template [5ms]
2024-03-04 11:57:39.363 [info] > git for-each-ref --format=%(refname)%00%(upstream:short)%00%(objectname)%00%(upstream:track)%00%(upstream:remotename)%00%(upstream:remoteref) refs/heads/main refs/remotes/main [3ms]
2024-03-04 11:57:39.412 [info] > git status -z -uall [45ms]
2024-03-04 11:57:49.871 [info] > git config --get commit.template [6ms]
2024-03-04 11:57:49.873 [info] > git for-each-ref --format=%(refname)%00%(upstream:short)%00%(objectname)%00%(upstream:track)%00%(upstream:remotename)%00%(upstream:remoteref) refs/heads/main refs/remotes/main [3ms]
2024-03-04 11:57:49.929 [info] > git status -z -uall [53ms]
2024-03-04 11:58:09.077 [info] > git config --get commit.template [5ms]
2024-03-04 11:58:09.079 [info] > git for-each-ref --format=%(refname)%00%(upstream:short)%00%(objectname)%00%(upstream:track)%00%(upstream:remotename)%00%(upstream:remoteref) refs/heads/main refs/remotes/main [2ms]
2024-03-04 11:58:09.129 [info] > git status -z -uall [46ms]
2024-03-04 11:58:16.699 [info] > git config --get commit.template [9ms]
2024-03-04 11:58:16.702 [info] > git for-each-ref --format=%(refname)%00%(upstream:short)%00%(objectname)%00%(upstream:track)%00%(upstream:remotename)%00%(upstream:remoteref) refs/heads/main refs/remotes/main [4ms]
2024-03-04 11:58:16.763 [info] > git status -z -uall [54ms]
2024-03-04 11:58:21.777 [info] > git config --get commit.template [5ms]
2024-03-04 11:58:21.779 [info] > git for-each-ref --format=%(refname)%00%(upstream:short)%00%(objectname)%00%(upstream:track)%00%(upstream:remotename)%00%(upstream:remoteref) refs/heads/main refs/remotes/main [2ms]
2024-03-04 11:58:21.831 [info] > git status -z -uall [48ms]
2024-03-04 11:58:42.854 [info] > git config --get commit.template [8ms]
2024-03-04 11:58:42.859 [info] > git for-each-ref --format=%(refname)%00%(upstream:short)%00%(objectname)%00%(upstream:track)%00%(upstream:remotename)%00%(upstream:remoteref) refs/heads/main refs/remotes/main [8ms]
2024-03-04 11:58:42.910 [info] > git status -z -uall [47ms]
2024-03-04 11:58:53.071 [info] > git config --get commit.template [6ms]
2024-03-04 11:58:53.073 [info] > git for-each-ref --format=%(refname)%00%(upstream:short)%00%(objectname)%00%(upstream:track)%00%(upstream:remotename)%00%(upstream:remoteref) refs/heads/main refs/remotes/main [2ms]
2024-03-04 11:58:53.126 [info] > git status -z -uall [49ms]
2024-03-04 12:15:29.026 [info] > git config --get commit.template [19ms]
2024-03-04 12:15:29.030 [info] > git for-each-ref --format=%(refname)%00%(upstream:short)%00%(objectname)%00%(upstream:track)%00%(upstream:remotename)%00%(upstream:remoteref) refs/heads/main refs/remotes/main [8ms]
2024-03-04 12:15:29.104 [info] > git status -z -uall [62ms]
2024-03-04 12:53:01.102 [info] > git for-each-ref --format=%(refname)%00%(upstream:short)%00%(objectname)%00%(upstream:track)%00%(upstream:remotename)%00%(upstream:remoteref) refs/heads/main refs/remotes/main [0ms]
2024-03-04 12:53:01.102 [info] > git config --get commit.template [11ms]
2024-03-04 12:53:01.161 [info] > git status -z -uall [54ms]
2024-03-04 12:53:47.887 [info] > git config --get commit.template [1ms]
2024-03-04 12:53:47.896 [info] > git for-each-ref --format=%(refname)%00%(upstream:short)%00%(objectname)%00%(upstream:track)%00%(upstream:remotename)%00%(upstream:remoteref) refs/heads/main refs/remotes/main [3ms]
2024-03-04 12:53:47.951 [info] > git status -z -uall [49ms]
2024-03-04 13:06:37.835 [info] > git config --get commit.template [17ms]
2024-03-04 13:06:37.839 [info] > git for-each-ref --format=%(refname)%00%(upstream:short)%00%(objectname)%00%(upstream:track)%00%(upstream:remotename)%00%(upstream:remoteref) refs/heads/main refs/remotes/main [5ms]
2024-03-04 13:06:37.925 [info] > git status -z -uall [65ms]
2024-03-04 13:06:42.961 [info] > git config --get commit.template [16ms]
2024-03-04 13:06:42.964 [info] > git for-each-ref --format=%(refname)%00%(upstream:short)%00%(objectname)%00%(upstream:track)%00%(upstream:remotename)%00%(upstream:remoteref) refs/heads/main refs/remotes/main [4ms]
2024-03-04 13:06:43.080 [info] > git status -z -uall [102ms]
2024-03-04 13:11:40.635 [info] > git config --get commit.template [1ms]
2024-03-04 13:11:40.669 [info] > git for-each-ref --format=%(refname)%00%(upstream:short)%00%(objectname)%00%(upstream:track)%00%(upstream:remotename)%00%(upstream:remoteref) refs/heads/main refs/remotes/main [13ms]
2024-03-04 13:11:40.736 [info] > git status -z -uall [58ms]
2024-03-04 13:30:52.275 [info] > git config --get commit.template [23ms]
2024-03-04 13:30:52.282 [info] > git for-each-ref --format=%(refname)%00%(upstream:short)%00%(objectname)%00%(upstream:track)%00%(upstream:remotename)%00%(upstream:remoteref) refs/heads/main refs/remotes/main [12ms]
2024-03-04 13:30:52.377 [info] > git status -z -uall [79ms]
2024-03-04 13:30:57.405 [info] > git config --get commit.template [3ms]
2024-03-04 13:30:57.425 [info] > git for-each-ref --format=%(refname)%00%(upstream:short)%00%(objectname)%00%(upstream:track)%00%(upstream:remotename)%00%(upstream:remoteref) refs/heads/main refs/remotes/main [5ms]
2024-03-04 13:30:57.557 [info] > git status -z -uall [115ms]
2024-03-04 13:31:00.570 [info] > git show --textconv :dynamics/src/dynamics/RobotOptEnv_dynamixel_v2_real.py [5ms]
2024-03-04 13:31:00.575 [info] > git ls-files --stage -- /drl_robotics_arm_ws/src/thesis/dynamics/src/dynamics/RobotOptEnv_dynamixel_v2_real.py [5ms]
2024-03-04 13:31:00.585 [info] > git cat-file -s 08260725418e29f614774cb1b57a0f3a731a378e [2ms]
2024-03-04 13:31:02.573 [info] > git config --get commit.template [3ms]
2024-03-04 13:31:02.585 [info] > git for-each-ref --format=%(refname)%00%(upstream:short)%00%(objectname)%00%(upstream:track)%00%(upstream:remotename)%00%(upstream:remoteref) refs/heads/main refs/remotes/main [6ms]
2024-03-04 13:31:02.668 [info] > git status -z -uall [77ms]
2024-03-04 13:31:07.699 [info] > git config --get commit.template [13ms]
2024-03-04 13:31:07.701 [info] > git for-each-ref --format=%(refname)%00%(upstream:short)%00%(objectname)%00%(upstream:track)%00%(upstream:remotename)%00%(upstream:remoteref) refs/heads/main refs/remotes/main [5ms]
2024-03-04 13:31:07.792 [info] > git status -z -uall [82ms]
2024-03-04 13:33:18.242 [info] > git config --get commit.template [4ms]
2024-03-04 13:33:18.258 [info] > git for-each-ref --format=%(refname)%00%(upstream:short)%00%(objectname)%00%(upstream:track)%00%(upstream:remotename)%00%(upstream:remoteref) refs/heads/main refs/remotes/main [2ms]
2024-03-04 13:33:18.314 [info] > git status -z -uall [49ms]
2024-03-04 13:33:23.349 [info] > git config --get commit.template [16ms]
2024-03-04 13:33:23.352 [info] > git for-each-ref --format=%(refname)%00%(upstream:short)%00%(objectname)%00%(upstream:track)%00%(upstream:remotename)%00%(upstream:remoteref) refs/heads/main refs/remotes/main [5ms]
2024-03-04 13:33:23.424 [info] > git status -z -uall [59ms]
2024-03-04 13:33:30.292 [info] > git check-ignore -v -z --stdin [23ms]
2024-03-04 13:33:31.047 [info] > git config --get commit.template [20ms]
2024-03-04 13:33:31.050 [info] > git for-each-ref --format=%(refname)%00%(upstream:short)%00%(objectname)%00%(upstream:track)%00%(upstream:remotename)%00%(upstream:remoteref) refs/heads/main refs/remotes/main [7ms]
2024-03-04 13:33:31.169 [info] > git status -z -uall [105ms]
2024-03-04 13:33:33.001 [info] > git show --textconv :dynamics/src/dynamics/pytorch_DQN/dqn.py [18ms]
2024-03-04 13:33:33.012 [info] > git ls-files --stage -- /drl_robotics_arm_ws/src/thesis/dynamics/src/dynamics/pytorch_DQN/dqn.py [12ms]
2024-03-04 13:33:33.022 [info] > git cat-file -s be4a6a70f3798cbc9cac5776e3f09097a42a503a [2ms]
2024-03-04 13:33:41.068 [info] > git config --get commit.template [18ms]
2024-03-04 13:33:41.071 [info] > git for-each-ref --format=%(refname)%00%(upstream:short)%00%(objectname)%00%(upstream:track)%00%(upstream:remotename)%00%(upstream:remoteref) refs/heads/main refs/remotes/main [6ms]
2024-03-04 13:33:41.143 [info] > git status -z -uall [56ms]
2024-03-04 13:33:46.834 [info] > git config --get commit.template [9ms]
2024-03-04 13:33:46.836 [info] > git for-each-ref --format=%(refname)%00%(upstream:short)%00%(objectname)%00%(upstream:track)%00%(upstream:remotename)%00%(upstream:remoteref) refs/heads/main refs/remotes/main [3ms]
2024-03-04 13:33:46.899 [info] > git status -z -uall [55ms]
2024-03-04 13:35:19.469 [info] > git config --get commit.template [7ms]
2024-03-04 13:35:19.470 [info] > git for-each-ref --format=%(refname)%00%(upstream:short)%00%(objectname)%00%(upstream:track)%00%(upstream:remotename)%00%(upstream:remoteref) refs/heads/main refs/remotes/main [2ms]
2024-03-04 13:35:19.544 [info] > git status -z -uall [67ms]
2024-03-04 13:35:24.595 [info] > git config --get commit.template [23ms]
2024-03-04 13:35:24.601 [info] > git for-each-ref --format=%(refname)%00%(upstream:short)%00%(objectname)%00%(upstream:track)%00%(upstream:remotename)%00%(upstream:remoteref) refs/heads/main refs/remotes/main [10ms]
2024-03-04 13:35:24.721 [info] > git status -z -uall [102ms]
2024-03-04 13:36:02.038 [info] > git config --get commit.template [43ms]
2024-03-04 13:36:02.047 [info] > git for-each-ref --format=%(refname)%00%(upstream:short)%00%(objectname)%00%(upstream:track)%00%(upstream:remotename)%00%(upstream:remoteref) refs/heads/main refs/remotes/main [18ms]
2024-03-04 13:36:02.123 [info] > git status -z -uall [68ms]
2024-03-04 13:36:07.164 [info] > git config --get commit.template [16ms]
2024-03-04 13:36:07.166 [info] > git for-each-ref --format=%(refname)%00%(upstream:short)%00%(objectname)%00%(upstream:track)%00%(upstream:remotename)%00%(upstream:remoteref) refs/heads/main refs/remotes/main [4ms]
2024-03-04 13:36:07.221 [info] > git status -z -uall [46ms]
2024-03-04 13:36:20.800 [info] > git config --get commit.template [18ms]
2024-03-04 13:36:20.804 [info] > git for-each-ref --format=%(refname)%00%(upstream:short)%00%(objectname)%00%(upstream:track)%00%(upstream:remotename)%00%(upstream:remoteref) refs/heads/main refs/remotes/main [6ms]
2024-03-04 13:36:20.873 [info] > git status -z -uall [58ms]
2024-03-04 13:36:54.093 [info] > git config --get commit.template [27ms]
2024-03-04 13:36:54.100 [info] > git for-each-ref --format=%(refname)%00%(upstream:short)%00%(objectname)%00%(upstream:track)%00%(upstream:remotename)%00%(upstream:remoteref) refs/heads/main refs/remotes/main [10ms]
2024-03-04 13:36:54.182 [info] > git status -z -uall [64ms]
2024-03-04 13:44:38.267 [info] > git config --get commit.template [1ms]
2024-03-04 13:44:38.276 [info] > git for-each-ref --format=%(refname)%00%(upstream:short)%00%(objectname)%00%(upstream:track)%00%(upstream:remotename)%00%(upstream:remoteref) refs/heads/main refs/remotes/main [2ms]
2024-03-04 13:44:38.338 [info] > git status -z -uall [55ms]
2024-03-04 13:44:43.376 [info] > git config --get commit.template [17ms]
2024-03-04 13:44:43.378 [info] > git for-each-ref --format=%(refname)%00%(upstream:short)%00%(objectname)%00%(upstream:track)%00%(upstream:remotename)%00%(upstream:remoteref) refs/heads/main refs/remotes/main [5ms]
2024-03-04 13:44:43.447 [info] > git status -z -uall [52ms]
2024-03-04 13:45:20.816 [info] > git config --get commit.template [17ms]
2024-03-04 13:45:20.819 [info] > git for-each-ref --format=%(refname)%00%(upstream:short)%00%(objectname)%00%(upstream:track)%00%(upstream:remotename)%00%(upstream:remoteref) refs/heads/main refs/remotes/main [5ms]
2024-03-04 13:45:20.878 [info] > git status -z -uall [49ms]
2024-03-04 13:46:20.817 [info] > git config --get commit.template [17ms]
2024-03-04 13:46:20.820 [info] > git for-each-ref --format=%(refname)%00%(upstream:short)%00%(objectname)%00%(upstream:track)%00%(upstream:remotename)%00%(upstream:remoteref) refs/heads/main refs/remotes/main [5ms]
2024-03-04 13:46:20.890 [info] > git status -z -uall [57ms]
2024-03-04 13:49:59.627 [info] > git config --get commit.template [1ms]
2024-03-04 13:49:59.638 [info] > git for-each-ref --format=%(refname)%00%(upstream:short)%00%(objectname)%00%(upstream:track)%00%(upstream:remotename)%00%(upstream:remoteref) refs/heads/main refs/remotes/main [2ms]
2024-03-04 13:49:59.700 [info] > git status -z -uall [53ms]
2024-03-04 13:50:04.744 [info] > git for-each-ref --format=%(refname)%00%(upstream:short)%00%(objectname)%00%(upstream:track)%00%(upstream:remotename)%00%(upstream:remoteref) refs/heads/main refs/remotes/main [4ms]
2024-03-04 13:50:04.744 [info] > git config --get commit.template [22ms]
2024-03-04 13:50:04.900 [info] > git status -z -uall [140ms]
2024-03-04 13:51:09.975 [info] > git config --get commit.template [20ms]
2024-03-04 13:51:09.982 [info] > git for-each-ref --format=%(refname)%00%(upstream:short)%00%(objectname)%00%(upstream:track)%00%(upstream:remotename)%00%(upstream:remoteref) refs/heads/main refs/remotes/main [9ms]
2024-03-04 13:51:10.058 [info] > git status -z -uall [63ms]
2024-03-04 13:51:10.353 [info] > git show --textconv :dynamics/src/dynamics/pytorch_DQN/ddqn.py [25ms]
2024-03-04 13:51:10.368 [info] > git ls-files --stage -- /drl_robotics_arm_ws/src/thesis/dynamics/src/dynamics/pytorch_DQN/ddqn.py [16ms]
2024-03-04 13:51:10.387 [info] > git cat-file -s ed6938c6e281438846964924cab085f274b22898 [3ms]
2024-03-04 13:51:12.260 [info] > git show --textconv :dynamics/src/dynamics/pytorch_DQN/dqn.py [7ms]
2024-03-04 13:51:12.262 [info] > git ls-files --stage -- /drl_robotics_arm_ws/src/thesis/dynamics/src/dynamics/pytorch_DQN/dqn.py [2ms]
2024-03-04 13:51:12.269 [info] > git cat-file -s be4a6a70f3798cbc9cac5776e3f09097a42a503a [2ms]
2024-03-04 13:51:18.308 [info] > git show --textconv :dynamics/src/dynamics/pytorch_DQN/ddqn.py [15ms]
2024-03-04 13:51:18.311 [info] > git ls-files --stage -- /drl_robotics_arm_ws/src/thesis/dynamics/src/dynamics/pytorch_DQN/ddqn.py [6ms]
2024-03-04 13:51:18.319 [info] > git cat-file -s ed6938c6e281438846964924cab085f274b22898 [2ms]
2024-03-04 13:51:20.831 [info] > git config --get commit.template [17ms]
2024-03-04 13:51:20.834 [info] > git for-each-ref --format=%(refname)%00%(upstream:short)%00%(objectname)%00%(upstream:track)%00%(upstream:remotename)%00%(upstream:remoteref) refs/heads/main refs/remotes/main [5ms]
2024-03-04 13:51:20.900 [info] > git status -z -uall [52ms]
2024-03-04 13:51:25.930 [info] > git config --get commit.template [7ms]
2024-03-04 13:51:25.945 [info] > git for-each-ref --format=%(refname)%00%(upstream:short)%00%(objectname)%00%(upstream:track)%00%(upstream:remotename)%00%(upstream:remoteref) refs/heads/main refs/remotes/main [4ms]
2024-03-04 13:51:26.091 [info] > git status -z -uall [135ms]
2024-03-04 13:52:42.999 [info] > git config --get commit.template [7ms]
2024-03-04 13:52:43.001 [info] > git for-each-ref --format=%(refname)%00%(upstream:short)%00%(objectname)%00%(upstream:track)%00%(upstream:remotename)%00%(upstream:remoteref) refs/heads/main refs/remotes/main [2ms]
2024-03-04 13:52:43.060 [info] > git status -z -uall [53ms]
2024-03-04 13:52:43.318 [info] > git show --textconv :dynamics/src/dynamics/pytorch_DQN/__init__.py [24ms]
2024-03-04 13:52:43.333 [info] > git ls-files --stage -- /drl_robotics_arm_ws/src/thesis/dynamics/src/dynamics/pytorch_DQN/__init__.py [15ms]
2024-03-04 13:52:43.350 [info] > git cat-file -s e69de29bb2d1d6434b8b29ae775ad8c2e48c5391 [5ms]
2024-03-04 13:52:44.449 [info] > git show --textconv :dynamics/src/dynamics/pytorch_DQN/atari_ddqn.py [23ms]
2024-03-04 13:52:44.459 [info] > git ls-files --stage -- /drl_robotics_arm_ws/src/thesis/dynamics/src/dynamics/pytorch_DQN/atari_ddqn.py [12ms]
2024-03-04 13:52:44.479 [info] > git cat-file -s 95d2b04773cb1d0ea7c33ed0e74b2714f8e05f80 [4ms]
2024-03-04 13:52:46.117 [info] > git show --textconv :dynamics/src/dynamics/pytorch_DQN/buffer.py [16ms]
2024-03-04 13:52:46.123 [info] > git ls-files --stage -- /drl_robotics_arm_ws/src/thesis/dynamics/src/dynamics/pytorch_DQN/buffer.py [7ms]
2024-03-04 13:52:46.131 [info] > git cat-file -s 94b9d710bff2a2685485b961c6f2bb890bff4e4d [2ms]
2024-03-04 13:52:46.647 [info] > git show --textconv :dynamics/src/dynamics/pytorch_DQN/config.py [18ms]
2024-03-04 13:52:46.657 [info] > git ls-files --stage -- /drl_robotics_arm_ws/src/thesis/dynamics/src/dynamics/pytorch_DQN/config.py [11ms]
2024-03-04 13:52:46.676 [info] > git cat-file -s 2f7a7f801b50d472ef00410b21bd6a2fc9a8288f [5ms]
2024-03-04 13:52:48.099 [info] > git config --get commit.template [4ms]
2024-03-04 13:52:48.114 [info] > git for-each-ref --format=%(refname)%00%(upstream:short)%00%(objectname)%00%(upstream:track)%00%(upstream:remotename)%00%(upstream:remoteref) refs/heads/main refs/remotes/main [1ms]
2024-03-04 13:52:48.164 [info] > git status -z -uall [44ms]
2024-03-04 13:52:49.785 [info] > git show --textconv :dynamics/src/dynamics/pytorch_DQN/trainer.py [20ms]
2024-03-04 13:52:49.794 [info] > git ls-files --stage -- /drl_robotics_arm_ws/src/thesis/dynamics/src/dynamics/pytorch_DQN/trainer.py [13ms]
2024-03-04 13:52:49.816 [info] > git cat-file -s 9cb8685a20c34a3187585dc1605d8452afbd8e51 [6ms]
2024-03-04 13:52:56.655 [info] > git config --get commit.template [17ms]
2024-03-04 13:52:56.662 [info] > git for-each-ref --format=%(refname)%00%(upstream:short)%00%(objectname)%00%(upstream:track)%00%(upstream:remotename)%00%(upstream:remoteref) refs/heads/main refs/remotes/main [8ms]
2024-03-04 13:52:56.809 [info] > git status -z -uall [129ms]
2024-03-04 13:53:06.424 [info] > git show --textconv :dynamics/src/dynamics/pytorch_DQN/tester.py [11ms]
2024-03-04 13:53:06.429 [info] > git ls-files --stage -- /drl_robotics_arm_ws/src/thesis/dynamics/src/dynamics/pytorch_DQN/tester.py [5ms]
2024-03-04 13:53:06.436 [info] > git cat-file -s 58f27ef50c0604d56595e0604c517d94b3e40bed [1ms]
2024-03-04 13:53:11.851 [info] > git show --textconv :dynamics/src/dynamics/pytorch_DQN/trainer.py [8ms]
2024-03-04 13:53:11.852 [info] > git ls-files --stage -- /drl_robotics_arm_ws/src/thesis/dynamics/src/dynamics/pytorch_DQN/trainer.py [4ms]
2024-03-04 13:53:11.859 [info] > git cat-file -s 9cb8685a20c34a3187585dc1605d8452afbd8e51 [2ms]
2024-03-04 13:53:19.624 [info] > git config --get commit.template [19ms]
2024-03-04 13:53:19.627 [info] > git for-each-ref --format=%(refname)%00%(upstream:short)%00%(objectname)%00%(upstream:track)%00%(upstream:remotename)%00%(upstream:remoteref) refs/heads/main refs/remotes/main [4ms]
2024-03-04 13:53:19.692 [info] > git status -z -uall [52ms]
2024-03-04 13:53:24.732 [info] > git config --get commit.template [16ms]
2024-03-04 13:53:24.735 [info] > git for-each-ref --format=%(refname)%00%(upstream:short)%00%(objectname)%00%(upstream:track)%00%(upstream:remotename)%00%(upstream:remoteref) refs/heads/main refs/remotes/main [5ms]
2024-03-04 13:53:24.806 [info] > git status -z -uall [57ms]
2024-03-04 13:54:08.305 [info] > git config --get commit.template [6ms]
2024-03-04 13:54:08.306 [info] > git for-each-ref --format=%(refname)%00%(upstream:short)%00%(objectname)%00%(upstream:track)%00%(upstream:remotename)%00%(upstream:remoteref) refs/heads/main refs/remotes/main [2ms]
2024-03-04 13:54:08.362 [info] > git status -z -uall [50ms]
2024-03-04 13:54:11.462 [info] > git show --textconv :dynamics/src/dynamics/pytorch_DQN/ddqn.py [20ms]
2024-03-04 13:54:11.475 [info] > git ls-files --stage -- /drl_robotics_arm_ws/src/thesis/dynamics/src/dynamics/pytorch_DQN/ddqn.py [17ms]
2024-03-04 13:54:11.492 [info] > git cat-file -s ed6938c6e281438846964924cab085f274b22898 [4ms]
2024-03-04 13:54:14.524 [info] > git show --textconv :dynamics/src/dynamics/pytorch_DQN/trainer.py [15ms]
2024-03-04 13:54:14.532 [info] > git ls-files --stage -- /drl_robotics_arm_ws/src/thesis/dynamics/src/dynamics/pytorch_DQN/trainer.py [9ms]
2024-03-04 13:54:14.543 [info] > git cat-file -s 9cb8685a20c34a3187585dc1605d8452afbd8e51 [3ms]
2024-03-04 13:54:20.957 [info] > git config --get commit.template [17ms]
2024-03-04 13:54:20.960 [info] > git for-each-ref --format=%(refname)%00%(upstream:short)%00%(objectname)%00%(upstream:track)%00%(upstream:remotename)%00%(upstream:remoteref) refs/heads/main refs/remotes/main [5ms]
2024-03-04 13:54:21.028 [info] > git status -z -uall [53ms]
2024-03-04 13:56:23.845 [info] > git config --get commit.template [8ms]
2024-03-04 13:56:23.892 [info] > git for-each-ref --format=%(refname)%00%(upstream:short)%00%(objectname)%00%(upstream:track)%00%(upstream:remotename)%00%(upstream:remoteref) refs/heads/main refs/remotes/main [13ms]
2024-03-04 13:56:23.970 [info] > git status -z -uall [64ms]
2024-03-04 14:04:23.217 [info] > git config --get commit.template [0ms]
2024-03-04 14:04:23.226 [info] > git for-each-ref --format=%(refname)%00%(upstream:short)%00%(objectname)%00%(upstream:track)%00%(upstream:remotename)%00%(upstream:remoteref) refs/heads/main refs/remotes/main [1ms]
2024-03-04 14:04:23.286 [info] > git status -z -uall [54ms]
2024-03-04 14:05:37.537 [info] > git config --get commit.template [5ms]
2024-03-04 14:05:37.562 [info] > git for-each-ref --format=%(refname)%00%(upstream:short)%00%(objectname)%00%(upstream:track)%00%(upstream:remotename)%00%(upstream:remoteref) refs/heads/main refs/remotes/main [8ms]
2024-03-04 14:05:37.657 [info] > git status -z -uall [79ms]
