2024-03-04 08:58:53.006 [info] Added views:workbench.panel.markers.view in workbench.panel.markers
2024-03-04 08:58:53.006 [info] Added views:workbench.panel.output in workbench.panel.output
2024-03-04 08:58:53.006 [info] Added views:terminal in terminal
2024-03-04 08:58:53.006 [info] Added views:outline in workbench.view.explorer
2024-03-04 08:58:53.006 [info] Added views:workbench.scm in workbench.view.scm
2024-03-04 08:58:53.007 [info] Added views:workbench.view.search in workbench.view.search
2024-03-04 08:58:53.007 [info] Added views:timeline in workbench.view.explorer
2024-03-04 08:58:53.007 [info] Added views:workbench.explorer.emptyView in workbench.view.explorer
2024-03-04 08:58:53.272 [info] Added views:workbench.debug.variablesView,workbench.debug.watchExpressionsView,workbench.debug.callStackView,workbench.debug.breakPointsView in workbench.view.debug
2024-03-04 08:58:54.096 [info] Added views:~remote.forwardedPorts in ~remote.forwardedPortsContainer
2024-03-04 08:58:54.193 [info] Added views:workbench.panel.repl.view in workbench.panel.repl
2024-03-04 08:58:54.194 [info] Removed views:workbench.debug.breakPointsView,workbench.debug.callStackView,workbench.debug.watchExpressionsView,workbench.debug.variablesView from workbench.view.debug
2024-03-04 08:58:54.195 [info] Added views:workbench.debug.welcome in workbench.view.debug
2024-03-04 08:59:15.133 [info] Added views:workbench.panel.markers.view in workbench.panel.markers
2024-03-04 08:59:15.133 [info] Added views:workbench.panel.output in workbench.panel.output
2024-03-04 08:59:15.133 [info] Added views:terminal in terminal
2024-03-04 08:59:15.133 [info] Added views:outline in workbench.view.explorer
2024-03-04 08:59:15.133 [info] Added views:workbench.scm in workbench.view.scm
2024-03-04 08:59:15.133 [info] Added views:workbench.view.search in workbench.view.search
2024-03-04 08:59:15.133 [info] Added views:timeline in workbench.view.explorer
2024-03-04 08:59:15.133 [info] Added views:workbench.explorer.fileView in workbench.view.explorer
2024-03-04 08:59:15.526 [info] Added views:workbench.debug.variablesView,workbench.debug.watchExpressionsView,workbench.debug.callStackView,workbench.debug.breakPointsView in workbench.view.debug
2024-03-04 08:59:15.573 [info] Added views:workbench.panel.repl.view in workbench.panel.repl
2024-03-04 08:59:15.574 [info] Removed views:workbench.debug.breakPointsView,workbench.debug.callStackView,workbench.debug.watchExpressionsView,workbench.debug.variablesView from workbench.view.debug
2024-03-04 08:59:15.574 [info] Added views:workbench.debug.welcome in workbench.view.debug
2024-03-04 08:59:15.701 [info] Added views:~remote.forwardedPorts in ~remote.forwardedPortsContainer
