2024-02-20 11:57:46.510 [info] Extension host with pid 270 started
2024-02-20 11:57:46.633 [info] ExtensionService#_doActivateExtension vscode.emmet, startup: false, activationEvent: 'onLanguage'
2024-02-20 11:57:46.716 [info] ExtensionService#_doActivateExtension vscode.git-base, startup: true, activationEvent: '*'
2024-02-20 11:57:46.756 [info] ExtensionService#_doActivateExtension vscode.github, startup: true, activationEvent: '*'
2024-02-20 11:57:46.823 [info] Eager extensions activated
2024-02-20 11:57:46.954 [info] ExtensionService#_doActivateExtension vscode.debug-auto-launch, startup: false, activationEvent: 'onStartupFinished'
2024-02-20 11:57:46.956 [info] ExtensionService#_doActivateExtension vscode.merge-conflict, startup: false, activationEvent: 'onStartupFinished'
2024-02-20 11:58:02.719 [info] Extension host terminating: renderer closed the MessagePort
2024-02-20 11:58:02.725 [info] Extension host with pid 270 exiting with code 0
2024-02-20 11:58:03.653 [info] Extension host with pid 342 started
2024-02-20 11:58:03.653 [info] Skipping acquiring lock for /drl_robotics_arm_ws/src/thesis/dynamics/src/dynamics/User/workspaceStorage/b78ddc5897e64c6ea2a33e598968c431.
2024-02-20 11:58:03.704 [info] ExtensionService#_doActivateExtension vscode.git-base, startup: true, activationEvent: '*'
2024-02-20 11:58:03.712 [info] ExtensionService#_doActivateExtension vscode.github, startup: true, activationEvent: '*'
2024-02-20 11:58:03.731 [info] Eager extensions activated
2024-02-20 11:58:03.831 [info] ExtensionService#_doActivateExtension vscode.debug-auto-launch, startup: false, activationEvent: 'onStartupFinished'
2024-02-20 11:58:03.832 [info] ExtensionService#_doActivateExtension vscode.merge-conflict, startup: false, activationEvent: 'onStartupFinished'
2024-02-20 11:58:05.492 [info] ExtensionService#_doActivateExtension vscode.git, startup: false, activationEvent: 'api', root cause: vscode.github
2024-02-20 11:58:15.885 [info] ExtensionService#_doActivateExtension vscode.emmet, startup: false, activationEvent: 'onLanguage'
2024-02-20 12:10:42.265 [info] Extension host terminating: renderer closed the MessagePort
2024-02-20 12:10:42.274 [info] Extension host with pid 342 exiting with code 0
