2024-03-04 08:58:54.071 [info] Extension host with pid 206 started
2024-03-04 08:58:54.192 [info] ExtensionService#_doActivateExtension vscode.emmet, startup: false, activationEvent: 'onLanguage'
2024-03-04 08:58:54.267 [info] ExtensionService#_doActivateExtension vscode.git-base, startup: true, activationEvent: '*'
2024-03-04 08:58:54.273 [info] ExtensionService#_doActivateExtension vscode.github, startup: true, activationEvent: '*'
2024-03-04 08:58:54.333 [info] Eager extensions activated
2024-03-04 08:58:54.346 [info] ExtensionService#_doActivateExtension vscode.debug-auto-launch, startup: false, activationEvent: 'onStartupFinished'
2024-03-04 08:58:54.350 [info] ExtensionService#_doActivateExtension vscode.merge-conflict, startup: false, activationEvent: 'onStartupFinished'
2024-03-04 08:59:14.743 [info] Extension host terminating: renderer closed the MessagePort
2024-03-04 08:59:14.750 [info] Extension host with pid 206 exiting with code 0
2024-03-04 08:59:15.542 [info] Extension host with pid 286 started
2024-03-04 08:59:15.542 [info] Skipping acquiring lock for /drl_robotics_arm_ws/src/thesis/User/workspaceStorage/6db7e27434ddfe1cfe7c87aff7c844f5.
2024-03-04 08:59:15.575 [info] ExtensionService#_doActivateExtension vscode.git-base, startup: true, activationEvent: '*'
2024-03-04 08:59:15.587 [info] ExtensionService#_doActivateExtension vscode.github, startup: true, activationEvent: '*'
2024-03-04 08:59:15.602 [info] Eager extensions activated
2024-03-04 08:59:15.624 [info] ExtensionService#_doActivateExtension vscode.debug-auto-launch, startup: false, activationEvent: 'onStartupFinished'
2024-03-04 08:59:15.625 [info] ExtensionService#_doActivateExtension vscode.merge-conflict, startup: false, activationEvent: 'onStartupFinished'
2024-03-04 08:59:22.324 [info] ExtensionService#_doActivateExtension vscode.git, startup: false, activationEvent: 'api', root cause: vscode.github
2024-03-04 08:59:22.636 [info] ExtensionService#_doActivateExtension vscode.github-authentication, startup: false, activationEvent: 'onAuthenticationRequest:github'
2024-03-04 09:05:48.849 [info] ExtensionService#_doActivateExtension vscode.emmet, startup: false, activationEvent: 'onLanguage'
2024-03-04 09:44:41.270 [info] ExtensionService#_doActivateExtension vscode.json-language-features, startup: false, activationEvent: 'onLanguage:jsonc'
2024-03-04 09:44:41.329 [info] ExtensionService#_doActivateExtension vscode.typescript-language-features, startup: false, activationEvent: 'onLanguage:jsonc'
