2024-02-20 12:11:01.064 [info] Added views:workbench.panel.markers.view in workbench.panel.markers
2024-02-20 12:11:01.064 [info] Added views:workbench.panel.output in workbench.panel.output
2024-02-20 12:11:01.064 [info] Added views:terminal in terminal
2024-02-20 12:11:01.064 [info] Added views:outline in workbench.view.explorer
2024-02-20 12:11:01.064 [info] Added views:workbench.scm in workbench.view.scm
2024-02-20 12:11:01.064 [info] Added views:workbench.view.search in workbench.view.search
2024-02-20 12:11:01.064 [info] Added views:timeline in workbench.view.explorer
2024-02-20 12:11:01.064 [info] Added views:workbench.explorer.emptyView in workbench.view.explorer
2024-02-20 12:11:01.227 [info] Added views:workbench.debug.variablesView,workbench.debug.watchExpressionsView,workbench.debug.callStackView,workbench.debug.breakPointsView in workbench.view.debug
2024-02-20 12:11:01.582 [info] Added views:workbench.panel.repl.view in workbench.panel.repl
2024-02-20 12:11:01.583 [info] Removed views:workbench.debug.breakPointsView,workbench.debug.callStackView,workbench.debug.watchExpressionsView,workbench.debug.variablesView from workbench.view.debug
2024-02-20 12:11:01.588 [info] Added views:workbench.debug.welcome in workbench.view.debug
2024-02-20 12:11:01.758 [info] Added views:~remote.forwardedPorts in ~remote.forwardedPortsContainer
2024-02-20 12:11:13.913 [info] Added views:workbench.panel.output in workbench.panel.output
2024-02-20 12:11:13.913 [info] Added views:workbench.panel.markers.view in workbench.panel.markers
2024-02-20 12:11:13.913 [info] Added views:terminal in terminal
2024-02-20 12:11:13.913 [info] Added views:outline in workbench.view.explorer
2024-02-20 12:11:13.913 [info] Added views:workbench.scm in workbench.view.scm
2024-02-20 12:11:13.913 [info] Added views:workbench.view.search in workbench.view.search
2024-02-20 12:11:13.913 [info] Added views:timeline in workbench.view.explorer
2024-02-20 12:11:13.913 [info] Added views:workbench.explorer.fileView in workbench.view.explorer
2024-02-20 12:11:14.163 [info] Added views:workbench.debug.variablesView,workbench.debug.watchExpressionsView,workbench.debug.callStackView,workbench.debug.breakPointsView in workbench.view.debug
2024-02-20 12:11:14.296 [info] Added views:~remote.forwardedPorts in ~remote.forwardedPortsContainer
2024-02-20 12:11:14.322 [info] Added views:workbench.panel.repl.view in workbench.panel.repl
2024-02-20 12:11:14.323 [info] Removed views:workbench.debug.breakPointsView,workbench.debug.callStackView,workbench.debug.watchExpressionsView,workbench.debug.variablesView from workbench.view.debug
2024-02-20 12:11:14.324 [info] Added views:workbench.debug.welcome in workbench.view.debug
