2024-02-20 12:57:04.002 [info] Extension host with pid 1784 started
2024-02-20 12:57:04.101 [info] ExtensionService#_doActivateExtension vscode.emmet, startup: false, activationEvent: 'onLanguage'
2024-02-20 12:57:04.208 [info] ExtensionService#_doActivateExtension vscode.git-base, startup: true, activationEvent: '*'
2024-02-20 12:57:04.279 [info] ExtensionService#_doActivateExtension vscode.github, startup: true, activationEvent: '*'
2024-02-20 12:57:04.327 [info] Eager extensions activated
2024-02-20 12:57:04.332 [info] ExtensionService#_doActivateExtension vscode.debug-auto-launch, startup: false, activationEvent: 'onStartupFinished'
2024-02-20 12:57:04.335 [info] ExtensionService#_doActivateExtension vscode.merge-conflict, startup: false, activationEvent: 'onStartupFinished'
2024-02-20 12:57:13.649 [info] Extension host terminating: renderer closed the MessagePort
2024-02-20 12:57:13.659 [info] Extension host with pid 1784 exiting with code 0
2024-02-20 12:57:14.565 [info] Extension host with pid 1901 started
2024-02-20 12:57:14.565 [info] Skipping acquiring lock for /drl_robotics_arm_ws/src/thesis/interface_control/scripts/User/workspaceStorage/79b5b1e107aac050b3ee4f93913f2ca1.
2024-02-20 12:57:14.604 [info] ExtensionService#_doActivateExtension vscode.git-base, startup: true, activationEvent: '*'
2024-02-20 12:57:14.632 [info] ExtensionService#_doActivateExtension vscode.github, startup: true, activationEvent: '*'
2024-02-20 12:57:14.698 [info] Eager extensions activated
2024-02-20 12:57:14.738 [info] ExtensionService#_doActivateExtension vscode.debug-auto-launch, startup: false, activationEvent: 'onStartupFinished'
2024-02-20 12:57:14.746 [info] ExtensionService#_doActivateExtension vscode.merge-conflict, startup: false, activationEvent: 'onStartupFinished'
2024-02-20 12:57:16.461 [info] ExtensionService#_doActivateExtension vscode.git, startup: false, activationEvent: 'api', root cause: vscode.github
2024-02-20 12:57:16.767 [warning] [Decorations] CAPPING events from decorations provider vscode.git 1133
2024-02-20 12:57:17.076 [warning] [Decorations] CAPPING events from decorations provider vscode.git 1133
2024-02-20 12:57:17.515 [info] ExtensionService#_doActivateExtension vscode.emmet, startup: false, activationEvent: 'onLanguage'
2024-02-20 12:57:19.972 [error] Error: Git error
	at ChildProcess.<anonymous> (/usr/share/code/resources/app/extensions/git/dist/main.js:2:990935)
	at ChildProcess.emit (node:events:525:35)
	at ChildProcess._handle.onexit (node:internal/child_process:291:12)
2024-02-20 12:57:19.972 [error] Error: Git error
	at ChildProcess.<anonymous> (/usr/share/code/resources/app/extensions/git/dist/main.js:2:990935)
	at ChildProcess.emit (node:events:525:35)
	at ChildProcess._handle.onexit (node:internal/child_process:291:12)
2024-02-20 12:57:19.972 [error] Error: Git error
	at ChildProcess.<anonymous> (/usr/share/code/resources/app/extensions/git/dist/main.js:2:990935)
	at ChildProcess.emit (node:events:525:35)
	at ChildProcess._handle.onexit (node:internal/child_process:291:12)
2024-02-20 12:57:19.972 [error] Error: Git error
	at ChildProcess.<anonymous> (/usr/share/code/resources/app/extensions/git/dist/main.js:2:990935)
	at ChildProcess.emit (node:events:525:35)
	at ChildProcess._handle.onexit (node:internal/child_process:291:12)
2024-02-20 12:57:19.972 [error] Error: Git error
	at ChildProcess.<anonymous> (/usr/share/code/resources/app/extensions/git/dist/main.js:2:990935)
	at ChildProcess.emit (node:events:525:35)
	at ChildProcess._handle.onexit (node:internal/child_process:291:12)
2024-02-20 12:57:19.973 [error] Error: Git error
	at ChildProcess.<anonymous> (/usr/share/code/resources/app/extensions/git/dist/main.js:2:990935)
	at ChildProcess.emit (node:events:525:35)
	at ChildProcess._handle.onexit (node:internal/child_process:291:12)
2024-02-20 12:57:19.973 [error] Error: Git error
	at ChildProcess.<anonymous> (/usr/share/code/resources/app/extensions/git/dist/main.js:2:990935)
	at ChildProcess.emit (node:events:525:35)
	at ChildProcess._handle.onexit (node:internal/child_process:291:12)
2024-02-20 12:57:19.973 [error] Error: Git error
	at ChildProcess.<anonymous> (/usr/share/code/resources/app/extensions/git/dist/main.js:2:990935)
	at ChildProcess.emit (node:events:525:35)
	at ChildProcess._handle.onexit (node:internal/child_process:291:12)
2024-02-20 12:57:19.973 [error] Error: Git error
	at ChildProcess.<anonymous> (/usr/share/code/resources/app/extensions/git/dist/main.js:2:990935)
	at ChildProcess.emit (node:events:525:35)
	at ChildProcess._handle.onexit (node:internal/child_process:291:12)
2024-02-20 12:57:19.973 [error] Error: Git error
	at ChildProcess.<anonymous> (/usr/share/code/resources/app/extensions/git/dist/main.js:2:990935)
	at ChildProcess.emit (node:events:525:35)
	at ChildProcess._handle.onexit (node:internal/child_process:291:12)
2024-02-20 12:57:19.973 [error] Error: Git error
	at ChildProcess.<anonymous> (/usr/share/code/resources/app/extensions/git/dist/main.js:2:990935)
	at ChildProcess.emit (node:events:525:35)
	at ChildProcess._handle.onexit (node:internal/child_process:291:12)
2024-02-20 12:57:20.977 [error] Error: Git error
	at ChildProcess.<anonymous> (/usr/share/code/resources/app/extensions/git/dist/main.js:2:990935)
	at ChildProcess.emit (node:events:525:35)
	at ChildProcess._handle.onexit (node:internal/child_process:291:12)
2024-02-20 12:57:20.983 [error] Error: Git error
	at ChildProcess.<anonymous> (/usr/share/code/resources/app/extensions/git/dist/main.js:2:990935)
	at ChildProcess.emit (node:events:525:35)
	at ChildProcess._handle.onexit (node:internal/child_process:291:12)
2024-02-20 12:57:20.986 [error] Error: Git error
	at ChildProcess.<anonymous> (/usr/share/code/resources/app/extensions/git/dist/main.js:2:990935)
	at ChildProcess.emit (node:events:525:35)
	at ChildProcess._handle.onexit (node:internal/child_process:291:12)
2024-02-20 12:57:20.988 [error] Error: Git error
	at ChildProcess.<anonymous> (/usr/share/code/resources/app/extensions/git/dist/main.js:2:990935)
	at ChildProcess.emit (node:events:525:35)
	at ChildProcess._handle.onexit (node:internal/child_process:291:12)
2024-02-20 12:57:20.990 [error] Error: Git error
	at ChildProcess.<anonymous> (/usr/share/code/resources/app/extensions/git/dist/main.js:2:990935)
	at ChildProcess.emit (node:events:525:35)
	at ChildProcess._handle.onexit (node:internal/child_process:291:12)
2024-02-20 12:57:20.992 [error] Error: Git error
	at ChildProcess.<anonymous> (/usr/share/code/resources/app/extensions/git/dist/main.js:2:990935)
	at ChildProcess.emit (node:events:525:35)
	at ChildProcess._handle.onexit (node:internal/child_process:291:12)
2024-02-20 12:57:20.994 [error] Error: Git error
	at ChildProcess.<anonymous> (/usr/share/code/resources/app/extensions/git/dist/main.js:2:990935)
	at ChildProcess.emit (node:events:525:35)
	at ChildProcess._handle.onexit (node:internal/child_process:291:12)
2024-02-20 12:57:20.995 [error] Error: Git error
	at ChildProcess.<anonymous> (/usr/share/code/resources/app/extensions/git/dist/main.js:2:990935)
	at ChildProcess.emit (node:events:525:35)
	at ChildProcess._handle.onexit (node:internal/child_process:291:12)
2024-02-20 12:57:20.999 [error] Error: Git error
	at ChildProcess.<anonymous> (/usr/share/code/resources/app/extensions/git/dist/main.js:2:990935)
	at ChildProcess.emit (node:events:525:35)
	at ChildProcess._handle.onexit (node:internal/child_process:291:12)
2024-02-20 12:57:21.001 [error] Error: Git error
	at ChildProcess.<anonymous> (/usr/share/code/resources/app/extensions/git/dist/main.js:2:990935)
	at ChildProcess.emit (node:events:525:35)
	at ChildProcess._handle.onexit (node:internal/child_process:291:12)
2024-02-20 12:57:21.003 [error] Error: Git error
	at ChildProcess.<anonymous> (/usr/share/code/resources/app/extensions/git/dist/main.js:2:990935)
	at ChildProcess.emit (node:events:525:35)
	at ChildProcess._handle.onexit (node:internal/child_process:291:12)
2024-02-20 12:57:21.677 [error] Error: Git error
	at ChildProcess.<anonymous> (/usr/share/code/resources/app/extensions/git/dist/main.js:2:990935)
	at ChildProcess.emit (node:events:525:35)
	at ChildProcess._handle.onexit (node:internal/child_process:291:12)
2024-02-20 12:57:21.677 [error] Error: Git error
	at ChildProcess.<anonymous> (/usr/share/code/resources/app/extensions/git/dist/main.js:2:990935)
	at ChildProcess.emit (node:events:525:35)
	at ChildProcess._handle.onexit (node:internal/child_process:291:12)
2024-02-20 12:57:21.677 [error] Error: Git error
	at ChildProcess.<anonymous> (/usr/share/code/resources/app/extensions/git/dist/main.js:2:990935)
	at ChildProcess.emit (node:events:525:35)
	at ChildProcess._handle.onexit (node:internal/child_process:291:12)
2024-02-20 12:57:21.677 [error] Error: Git error
	at ChildProcess.<anonymous> (/usr/share/code/resources/app/extensions/git/dist/main.js:2:990935)
	at ChildProcess.emit (node:events:525:35)
	at ChildProcess._handle.onexit (node:internal/child_process:291:12)
2024-02-20 12:57:21.677 [error] Error: Git error
	at ChildProcess.<anonymous> (/usr/share/code/resources/app/extensions/git/dist/main.js:2:990935)
	at ChildProcess.emit (node:events:525:35)
	at ChildProcess._handle.onexit (node:internal/child_process:291:12)
2024-02-20 12:57:22.568 [error] Error: Git error
	at ChildProcess.<anonymous> (/usr/share/code/resources/app/extensions/git/dist/main.js:2:990935)
	at ChildProcess.emit (node:events:525:35)
	at ChildProcess._handle.onexit (node:internal/child_process:291:12)
2024-02-20 12:57:22.679 [error] Error: Git error
	at ChildProcess.<anonymous> (/usr/share/code/resources/app/extensions/git/dist/main.js:2:990935)
	at ChildProcess.emit (node:events:525:35)
	at ChildProcess._handle.onexit (node:internal/child_process:291:12)
2024-02-20 12:57:22.681 [error] Error: Git error
	at ChildProcess.<anonymous> (/usr/share/code/resources/app/extensions/git/dist/main.js:2:990935)
	at ChildProcess.emit (node:events:525:35)
	at ChildProcess._handle.onexit (node:internal/child_process:291:12)
2024-02-20 12:57:22.682 [error] Error: Git error
	at ChildProcess.<anonymous> (/usr/share/code/resources/app/extensions/git/dist/main.js:2:990935)
	at ChildProcess.emit (node:events:525:35)
	at ChildProcess._handle.onexit (node:internal/child_process:291:12)
2024-02-20 12:57:22.684 [error] Error: Git error
	at ChildProcess.<anonymous> (/usr/share/code/resources/app/extensions/git/dist/main.js:2:990935)
	at ChildProcess.emit (node:events:525:35)
	at ChildProcess._handle.onexit (node:internal/child_process:291:12)
2024-02-20 12:57:22.685 [error] Error: Git error
	at ChildProcess.<anonymous> (/usr/share/code/resources/app/extensions/git/dist/main.js:2:990935)
	at ChildProcess.emit (node:events:525:35)
	at ChildProcess._handle.onexit (node:internal/child_process:291:12)
2024-02-20 12:57:23.570 [error] Error: Git error
	at ChildProcess.<anonymous> (/usr/share/code/resources/app/extensions/git/dist/main.js:2:990935)
	at ChildProcess.emit (node:events:525:35)
	at ChildProcess._handle.onexit (node:internal/child_process:291:12)
2024-02-20 12:57:24.145 [error] Error: Git error
	at ChildProcess.<anonymous> (/usr/share/code/resources/app/extensions/git/dist/main.js:2:990935)
	at ChildProcess.emit (node:events:525:35)
	at ChildProcess._handle.onexit (node:internal/child_process:291:12)
2024-02-20 12:57:24.145 [error] Error: Git error
	at ChildProcess.<anonymous> (/usr/share/code/resources/app/extensions/git/dist/main.js:2:990935)
	at ChildProcess.emit (node:events:525:35)
	at ChildProcess._handle.onexit (node:internal/child_process:291:12)
2024-02-20 12:57:24.145 [error] Error: Git error
	at ChildProcess.<anonymous> (/usr/share/code/resources/app/extensions/git/dist/main.js:2:990935)
	at ChildProcess.emit (node:events:525:35)
	at ChildProcess._handle.onexit (node:internal/child_process:291:12)
2024-02-20 12:57:24.145 [error] Error: Git error
	at ChildProcess.<anonymous> (/usr/share/code/resources/app/extensions/git/dist/main.js:2:990935)
	at ChildProcess.emit (node:events:525:35)
	at ChildProcess._handle.onexit (node:internal/child_process:291:12)
2024-02-20 12:57:24.145 [error] Error: Git error
	at ChildProcess.<anonymous> (/usr/share/code/resources/app/extensions/git/dist/main.js:2:990935)
	at ChildProcess.emit (node:events:525:35)
	at ChildProcess._handle.onexit (node:internal/child_process:291:12)
2024-02-20 12:57:24.145 [error] Error: Git error
	at ChildProcess.<anonymous> (/usr/share/code/resources/app/extensions/git/dist/main.js:2:990935)
	at ChildProcess.emit (node:events:525:35)
	at ChildProcess._handle.onexit (node:internal/child_process:291:12)
2024-02-20 12:57:24.145 [error] Error: Git error
	at ChildProcess.<anonymous> (/usr/share/code/resources/app/extensions/git/dist/main.js:2:990935)
	at ChildProcess.emit (node:events:525:35)
	at ChildProcess._handle.onexit (node:internal/child_process:291:12)
2024-02-20 12:57:24.145 [error] Error: Git error
	at ChildProcess.<anonymous> (/usr/share/code/resources/app/extensions/git/dist/main.js:2:990935)
	at ChildProcess.emit (node:events:525:35)
	at ChildProcess._handle.onexit (node:internal/child_process:291:12)
2024-02-20 12:57:24.145 [error] Error: Git error
	at ChildProcess.<anonymous> (/usr/share/code/resources/app/extensions/git/dist/main.js:2:990935)
	at ChildProcess.emit (node:events:525:35)
	at ChildProcess._handle.onexit (node:internal/child_process:291:12)
2024-02-20 12:57:24.145 [error] Error: Git error
	at ChildProcess.<anonymous> (/usr/share/code/resources/app/extensions/git/dist/main.js:2:990935)
	at ChildProcess.emit (node:events:525:35)
	at ChildProcess._handle.onexit (node:internal/child_process:291:12)
2024-02-20 12:57:24.145 [error] Error: Git error
	at ChildProcess.<anonymous> (/usr/share/code/resources/app/extensions/git/dist/main.js:2:990935)
	at ChildProcess.emit (node:events:525:35)
	at ChildProcess._handle.onexit (node:internal/child_process:291:12)
2024-02-20 12:57:24.145 [error] Error: Git error
	at ChildProcess.<anonymous> (/usr/share/code/resources/app/extensions/git/dist/main.js:2:990935)
	at ChildProcess.emit (node:events:525:35)
	at ChildProcess._handle.onexit (node:internal/child_process:291:12)
2024-02-20 12:57:24.145 [error] Error: Git error
	at ChildProcess.<anonymous> (/usr/share/code/resources/app/extensions/git/dist/main.js:2:990935)
	at ChildProcess.emit (node:events:525:35)
	at ChildProcess._handle.onexit (node:internal/child_process:291:12)
2024-02-20 12:57:24.145 [error] Error: Git error
	at ChildProcess.<anonymous> (/usr/share/code/resources/app/extensions/git/dist/main.js:2:990935)
	at ChildProcess.emit (node:events:525:35)
	at ChildProcess._handle.onexit (node:internal/child_process:291:12)
2024-02-20 12:57:24.145 [error] Error: Git error
	at ChildProcess.<anonymous> (/usr/share/code/resources/app/extensions/git/dist/main.js:2:990935)
	at ChildProcess.emit (node:events:525:35)
	at ChildProcess._handle.onexit (node:internal/child_process:291:12)
2024-02-20 12:57:24.145 [error] Error: Git error
	at ChildProcess.<anonymous> (/usr/share/code/resources/app/extensions/git/dist/main.js:2:990935)
	at ChildProcess.emit (node:events:525:35)
	at ChildProcess._handle.onexit (node:internal/child_process:291:12)
2024-02-20 12:57:24.145 [error] Error: Git error
	at ChildProcess.<anonymous> (/usr/share/code/resources/app/extensions/git/dist/main.js:2:990935)
	at ChildProcess.emit (node:events:525:35)
	at ChildProcess._handle.onexit (node:internal/child_process:291:12)
2024-02-20 12:57:24.145 [error] Error: Git error
	at ChildProcess.<anonymous> (/usr/share/code/resources/app/extensions/git/dist/main.js:2:990935)
	at ChildProcess.emit (node:events:525:35)
	at ChildProcess._handle.onexit (node:internal/child_process:291:12)
2024-02-20 12:57:24.145 [error] Error: Git error
	at ChildProcess.<anonymous> (/usr/share/code/resources/app/extensions/git/dist/main.js:2:990935)
	at ChildProcess.emit (node:events:525:35)
	at ChildProcess._handle.onexit (node:internal/child_process:291:12)
2024-02-20 12:57:24.145 [error] Error: Git error
	at ChildProcess.<anonymous> (/usr/share/code/resources/app/extensions/git/dist/main.js:2:990935)
	at ChildProcess.emit (node:events:525:35)
	at ChildProcess._handle.onexit (node:internal/child_process:291:12)
2024-02-20 12:57:24.145 [error] Error: Git error
	at ChildProcess.<anonymous> (/usr/share/code/resources/app/extensions/git/dist/main.js:2:990935)
	at ChildProcess.emit (node:events:525:35)
	at ChildProcess._handle.onexit (node:internal/child_process:291:12)
2024-02-20 12:57:24.145 [error] Error: Git error
	at ChildProcess.<anonymous> (/usr/share/code/resources/app/extensions/git/dist/main.js:2:990935)
	at ChildProcess.emit (node:events:525:35)
	at ChildProcess._handle.onexit (node:internal/child_process:291:12)
2024-02-20 12:57:24.145 [error] Error: Git error
	at ChildProcess.<anonymous> (/usr/share/code/resources/app/extensions/git/dist/main.js:2:990935)
	at ChildProcess.emit (node:events:525:35)
	at ChildProcess._handle.onexit (node:internal/child_process:291:12)
2024-02-20 12:57:24.145 [error] Error: Git error
	at ChildProcess.<anonymous> (/usr/share/code/resources/app/extensions/git/dist/main.js:2:990935)
	at ChildProcess.emit (node:events:525:35)
	at ChildProcess._handle.onexit (node:internal/child_process:291:12)
2024-02-20 12:57:24.145 [error] Error: Git error
	at ChildProcess.<anonymous> (/usr/share/code/resources/app/extensions/git/dist/main.js:2:990935)
	at ChildProcess.emit (node:events:525:35)
	at ChildProcess._handle.onexit (node:internal/child_process:291:12)
2024-02-20 12:57:24.145 [error] Error: Git error
	at ChildProcess.<anonymous> (/usr/share/code/resources/app/extensions/git/dist/main.js:2:990935)
	at ChildProcess.emit (node:events:525:35)
	at ChildProcess._handle.onexit (node:internal/child_process:291:12)
2024-02-20 12:57:24.145 [error] Error: Git error
	at ChildProcess.<anonymous> (/usr/share/code/resources/app/extensions/git/dist/main.js:2:990935)
	at ChildProcess.emit (node:events:525:35)
	at ChildProcess._handle.onexit (node:internal/child_process:291:12)
2024-02-20 12:57:24.146 [error] Error: Git error
	at ChildProcess.<anonymous> (/usr/share/code/resources/app/extensions/git/dist/main.js:2:990935)
	at ChildProcess.emit (node:events:525:35)
	at ChildProcess._handle.onexit (node:internal/child_process:291:12)
2024-02-20 12:57:25.148 [error] Error: Git error
	at ChildProcess.<anonymous> (/usr/share/code/resources/app/extensions/git/dist/main.js:2:990935)
	at ChildProcess.emit (node:events:525:35)
	at ChildProcess._handle.onexit (node:internal/child_process:291:12)
2024-02-20 12:57:25.150 [error] Error: Git error
	at ChildProcess.<anonymous> (/usr/share/code/resources/app/extensions/git/dist/main.js:2:990935)
	at ChildProcess.emit (node:events:525:35)
	at ChildProcess._handle.onexit (node:internal/child_process:291:12)
2024-02-20 12:57:25.151 [error] Error: Git error
	at ChildProcess.<anonymous> (/usr/share/code/resources/app/extensions/git/dist/main.js:2:990935)
	at ChildProcess.emit (node:events:525:35)
	at ChildProcess._handle.onexit (node:internal/child_process:291:12)
2024-02-20 12:57:25.153 [error] Error: Git error
	at ChildProcess.<anonymous> (/usr/share/code/resources/app/extensions/git/dist/main.js:2:990935)
	at ChildProcess.emit (node:events:525:35)
	at ChildProcess._handle.onexit (node:internal/child_process:291:12)
2024-02-20 12:57:25.154 [error] Error: Git error
	at ChildProcess.<anonymous> (/usr/share/code/resources/app/extensions/git/dist/main.js:2:990935)
	at ChildProcess.emit (node:events:525:35)
	at ChildProcess._handle.onexit (node:internal/child_process:291:12)
2024-02-20 12:57:25.156 [error] Error: Git error
	at ChildProcess.<anonymous> (/usr/share/code/resources/app/extensions/git/dist/main.js:2:990935)
	at ChildProcess.emit (node:events:525:35)
	at ChildProcess._handle.onexit (node:internal/child_process:291:12)
2024-02-20 12:57:25.160 [error] Error: Git error
	at ChildProcess.<anonymous> (/usr/share/code/resources/app/extensions/git/dist/main.js:2:990935)
	at ChildProcess.emit (node:events:525:35)
	at ChildProcess._handle.onexit (node:internal/child_process:291:12)
2024-02-20 12:57:25.163 [error] Error: Git error
	at ChildProcess.<anonymous> (/usr/share/code/resources/app/extensions/git/dist/main.js:2:990935)
	at ChildProcess.emit (node:events:525:35)
	at ChildProcess._handle.onexit (node:internal/child_process:291:12)
2024-02-20 12:57:25.165 [error] Error: Git error
	at ChildProcess.<anonymous> (/usr/share/code/resources/app/extensions/git/dist/main.js:2:990935)
	at ChildProcess.emit (node:events:525:35)
	at ChildProcess._handle.onexit (node:internal/child_process:291:12)
2024-02-20 12:57:25.167 [error] Error: Git error
	at ChildProcess.<anonymous> (/usr/share/code/resources/app/extensions/git/dist/main.js:2:990935)
	at ChildProcess.emit (node:events:525:35)
	at ChildProcess._handle.onexit (node:internal/child_process:291:12)
2024-02-20 12:57:25.169 [error] Error: Git error
	at ChildProcess.<anonymous> (/usr/share/code/resources/app/extensions/git/dist/main.js:2:990935)
	at ChildProcess.emit (node:events:525:35)
	at ChildProcess._handle.onexit (node:internal/child_process:291:12)
2024-02-20 12:57:25.170 [error] Error: Git error
	at ChildProcess.<anonymous> (/usr/share/code/resources/app/extensions/git/dist/main.js:2:990935)
	at ChildProcess.emit (node:events:525:35)
	at ChildProcess._handle.onexit (node:internal/child_process:291:12)
2024-02-20 12:57:25.176 [error] Error: Git error
	at ChildProcess.<anonymous> (/usr/share/code/resources/app/extensions/git/dist/main.js:2:990935)
	at ChildProcess.emit (node:events:525:35)
	at ChildProcess._handle.onexit (node:internal/child_process:291:12)
2024-02-20 12:57:25.178 [error] Error: Git error
	at ChildProcess.<anonymous> (/usr/share/code/resources/app/extensions/git/dist/main.js:2:990935)
	at ChildProcess.emit (node:events:525:35)
	at ChildProcess._handle.onexit (node:internal/child_process:291:12)
2024-02-20 12:57:25.180 [error] Error: Git error
	at ChildProcess.<anonymous> (/usr/share/code/resources/app/extensions/git/dist/main.js:2:990935)
	at ChildProcess.emit (node:events:525:35)
	at ChildProcess._handle.onexit (node:internal/child_process:291:12)
2024-02-20 12:57:25.182 [error] Error: Git error
	at ChildProcess.<anonymous> (/usr/share/code/resources/app/extensions/git/dist/main.js:2:990935)
	at ChildProcess.emit (node:events:525:35)
	at ChildProcess._handle.onexit (node:internal/child_process:291:12)
2024-02-20 12:57:25.183 [error] Error: Git error
	at ChildProcess.<anonymous> (/usr/share/code/resources/app/extensions/git/dist/main.js:2:990935)
	at ChildProcess.emit (node:events:525:35)
	at ChildProcess._handle.onexit (node:internal/child_process:291:12)
2024-02-20 12:57:25.190 [error] Error: Git error
	at ChildProcess.<anonymous> (/usr/share/code/resources/app/extensions/git/dist/main.js:2:990935)
	at ChildProcess.emit (node:events:525:35)
	at ChildProcess._handle.onexit (node:internal/child_process:291:12)
2024-02-20 12:57:25.191 [error] Error: Git error
	at ChildProcess.<anonymous> (/usr/share/code/resources/app/extensions/git/dist/main.js:2:990935)
	at ChildProcess.emit (node:events:525:35)
	at ChildProcess._handle.onexit (node:internal/child_process:291:12)
2024-02-20 12:57:25.193 [error] Error: Git error
	at ChildProcess.<anonymous> (/usr/share/code/resources/app/extensions/git/dist/main.js:2:990935)
	at ChildProcess.emit (node:events:525:35)
	at ChildProcess._handle.onexit (node:internal/child_process:291:12)
2024-02-20 12:57:25.194 [error] Error: Git error
	at ChildProcess.<anonymous> (/usr/share/code/resources/app/extensions/git/dist/main.js:2:990935)
	at ChildProcess.emit (node:events:525:35)
	at ChildProcess._handle.onexit (node:internal/child_process:291:12)
2024-02-20 12:57:25.196 [error] Error: Git error
	at ChildProcess.<anonymous> (/usr/share/code/resources/app/extensions/git/dist/main.js:2:990935)
	at ChildProcess.emit (node:events:525:35)
	at ChildProcess._handle.onexit (node:internal/child_process:291:12)
2024-02-20 12:57:25.197 [error] Error: Git error
	at ChildProcess.<anonymous> (/usr/share/code/resources/app/extensions/git/dist/main.js:2:990935)
	at ChildProcess.emit (node:events:525:35)
	at ChildProcess._handle.onexit (node:internal/child_process:291:12)
2024-02-20 12:57:25.198 [error] Error: Git error
	at ChildProcess.<anonymous> (/usr/share/code/resources/app/extensions/git/dist/main.js:2:990935)
	at ChildProcess.emit (node:events:525:35)
	at ChildProcess._handle.onexit (node:internal/child_process:291:12)
2024-02-20 12:57:25.199 [error] Error: Git error
	at ChildProcess.<anonymous> (/usr/share/code/resources/app/extensions/git/dist/main.js:2:990935)
	at ChildProcess.emit (node:events:525:35)
	at ChildProcess._handle.onexit (node:internal/child_process:291:12)
2024-02-20 12:57:25.201 [error] Error: Git error
	at ChildProcess.<anonymous> (/usr/share/code/resources/app/extensions/git/dist/main.js:2:990935)
	at ChildProcess.emit (node:events:525:35)
	at ChildProcess._handle.onexit (node:internal/child_process:291:12)
2024-02-20 12:57:25.202 [error] Error: Git error
	at ChildProcess.<anonymous> (/usr/share/code/resources/app/extensions/git/dist/main.js:2:990935)
	at ChildProcess.emit (node:events:525:35)
	at ChildProcess._handle.onexit (node:internal/child_process:291:12)
2024-02-20 12:57:25.203 [error] Error: Git error
	at ChildProcess.<anonymous> (/usr/share/code/resources/app/extensions/git/dist/main.js:2:990935)
	at ChildProcess.emit (node:events:525:35)
	at ChildProcess._handle.onexit (node:internal/child_process:291:12)
2024-02-20 12:57:26.833 [error] Error: Git error
	at ChildProcess.<anonymous> (/usr/share/code/resources/app/extensions/git/dist/main.js:2:990935)
	at ChildProcess.emit (node:events:525:35)
	at ChildProcess._handle.onexit (node:internal/child_process:291:12)
2024-02-20 12:57:26.833 [error] Error: Git error
	at ChildProcess.<anonymous> (/usr/share/code/resources/app/extensions/git/dist/main.js:2:990935)
	at ChildProcess.emit (node:events:525:35)
	at ChildProcess._handle.onexit (node:internal/child_process:291:12)
2024-02-20 12:57:27.834 [error] Error: Git error
	at ChildProcess.<anonymous> (/usr/share/code/resources/app/extensions/git/dist/main.js:2:990935)
	at ChildProcess.emit (node:events:525:35)
	at ChildProcess._handle.onexit (node:internal/child_process:291:12)
2024-02-20 12:57:27.836 [error] Error: Git error
	at ChildProcess.<anonymous> (/usr/share/code/resources/app/extensions/git/dist/main.js:2:990935)
	at ChildProcess.emit (node:events:525:35)
	at ChildProcess._handle.onexit (node:internal/child_process:291:12)
2024-02-20 12:57:29.896 [info] ExtensionService#_doActivateExtension vscode.extension-editing, startup: false, activationEvent: 'onLanguage:json'
2024-02-20 12:57:29.912 [info] ExtensionService#_doActivateExtension vscode.json-language-features, startup: false, activationEvent: 'onLanguage:json'
2024-02-20 12:57:30.049 [info] ExtensionService#_doActivateExtension vscode.npm, startup: false, activationEvent: 'onLanguage:json'
2024-02-20 12:57:30.206 [warning] [Decorations] CAPPING events from decorations provider vscode.git 1133
2024-02-20 12:57:35.412 [warning] [Decorations] CAPPING events from decorations provider vscode.git 1133
